2020-06-06 08:09:42.129+0000 INFO [o.n.g.f.m.e.CommunityEditionModule] No locking implementation specified, defaulting to 'community'
2020-06-06 08:09:42.429+0000 INFO [o.n.g.f.GraphDatabaseFacadeFactory] Creating 'graph.db' database.
2020-06-06 08:09:42.502+0000 INFO [o.n.k.a.DatabaseAvailabilityGuard] Requirement `Database available` makes database graph.db unavailable.
2020-06-06 08:09:42.504+0000 INFO [o.n.k.a.DatabaseAvailabilityGuard] Database graph.db is unavailable.
2020-06-06 08:09:42.569+0000 INFO [o.n.i.d.DiagnosticsManager] --- INITIALIZED diagnostics START ---
2020-06-06 08:09:42.569+0000 INFO [o.n.i.d.DiagnosticsManager] Neo4j Kernel properties:
2020-06-06 08:09:42.570+0000 INFO [o.n.i.d.DiagnosticsManager] dbms.connector.http.enabled=true
2020-06-06 08:09:42.570+0000 INFO [o.n.i.d.DiagnosticsManager] dbms.security.auth_enabled=true
2020-06-06 08:09:42.570+0000 INFO [o.n.i.d.DiagnosticsManager] dbms.windows_service_name=neo4j
2020-06-06 08:09:42.570+0000 INFO [o.n.i.d.DiagnosticsManager] dbms.connector.http.listen_address=0.0.0.0:7474
2020-06-06 08:09:42.570+0000 INFO [o.n.i.d.DiagnosticsManager] dbms.connector.https.listen_address=0.0.0.0:7473
2020-06-06 08:09:42.570+0000 INFO [o.n.i.d.DiagnosticsManager] unsupported.dbms.directories.neo4j_home=/var/lib/neo4j
2020-06-06 08:09:42.570+0000 INFO [o.n.i.d.DiagnosticsManager] dbms.connector.bolt.listen_address=0.0.0.0:7687
2020-06-06 08:09:42.570+0000 INFO [o.n.i.d.DiagnosticsManager] dbms.directories.import=/import
2020-06-06 08:09:42.570+0000 INFO [o.n.i.d.DiagnosticsManager] dbms.memory.pagecache.size=1G
2020-06-06 08:09:42.570+0000 INFO [o.n.i.d.DiagnosticsManager] unsupported.dbms.edition=community
2020-06-06 08:09:42.571+0000 INFO [o.n.i.d.DiagnosticsManager] dbms.directories.logs=/logs
2020-06-06 08:09:42.571+0000 INFO [o.n.i.d.DiagnosticsManager] dbms.connector.bolt.enabled=true
2020-06-06 08:09:42.571+0000 INFO [o.n.i.d.DiagnosticsManager] dbms.connector.https.enabled=true
2020-06-06 08:09:42.571+0000 INFO [o.n.i.d.DiagnosticsManager] dbms.jvm.additional=-XX:+UseG1GC
2020-06-06 08:09:42.571+0000 INFO [o.n.i.d.DiagnosticsManager] wrapper.java.additional=-Dneo4j.ext.udc.source=docker
2020-06-06 08:09:42.571+0000 INFO [o.n.i.d.DiagnosticsManager] dbms.directories.plugins=/plugins
2020-06-06 08:09:42.571+0000 INFO [o.n.i.d.DiagnosticsManager] dbms.connectors.default_listen_address=0.0.0.0
2020-06-06 08:09:42.571+0000 INFO [o.n.i.d.DiagnosticsManager] dbms.tx_log.rotation.retention_policy=100M size
2020-06-06 08:09:42.571+0000 INFO [o.n.i.d.DiagnosticsManager] dbms.memory.heap.max_size=1G
2020-06-06 08:09:42.571+0000 INFO [o.n.i.d.DiagnosticsManager] EDITION=community
2020-06-06 08:09:42.571+0000 INFO [o.n.i.d.DiagnosticsManager] HOME=/var/lib/neo4j
2020-06-06 08:09:42.571+0000 INFO [o.n.i.d.DiagnosticsManager] Diagnostics providers:
2020-06-06 08:09:42.572+0000 INFO [o.n.i.d.DiagnosticsManager] org.neo4j.kernel.configuration.Config
2020-06-06 08:09:42.572+0000 INFO [o.n.i.d.DiagnosticsManager] org.neo4j.internal.diagnostics.DiagnosticsManager
2020-06-06 08:09:42.572+0000 INFO [o.n.i.d.DiagnosticsManager] SYSTEM_MEMORY
2020-06-06 08:09:42.572+0000 INFO [o.n.i.d.DiagnosticsManager] JAVA_MEMORY
2020-06-06 08:09:42.572+0000 INFO [o.n.i.d.DiagnosticsManager] OPERATING_SYSTEM
2020-06-06 08:09:42.572+0000 INFO [o.n.i.d.DiagnosticsManager] JAVA_VIRTUAL_MACHINE
2020-06-06 08:09:42.572+0000 INFO [o.n.i.d.DiagnosticsManager] CLASSPATH
2020-06-06 08:09:42.572+0000 INFO [o.n.i.d.DiagnosticsManager] LIBRARY_PATH
2020-06-06 08:09:42.572+0000 INFO [o.n.i.d.DiagnosticsManager] SYSTEM_PROPERTIES
2020-06-06 08:09:42.572+0000 INFO [o.n.i.d.DiagnosticsManager] TIMEZONE_DATABASE
2020-06-06 08:09:42.572+0000 INFO [o.n.i.d.DiagnosticsManager] LINUX_SCHEDULERS
2020-06-06 08:09:42.572+0000 INFO [o.n.i.d.DiagnosticsManager] NETWORK
2020-06-06 08:09:42.572+0000 INFO [o.n.i.d.DiagnosticsManager] System memory information:
2020-06-06 08:09:42.579+0000 INFO [o.n.i.d.DiagnosticsManager] Total Physical memory: 3.36 GB
2020-06-06 08:09:42.579+0000 INFO [o.n.i.d.DiagnosticsManager] Free Physical memory: 1000.73 MB
2020-06-06 08:09:42.580+0000 INFO [o.n.i.d.DiagnosticsManager] Committed virtual memory: 3.85 GB
2020-06-06 08:09:42.580+0000 INFO [o.n.i.d.DiagnosticsManager] Total swap space: 1024.00 MB
2020-06-06 08:09:42.580+0000 INFO [o.n.i.d.DiagnosticsManager] Free swap space: 1021.15 MB
2020-06-06 08:09:42.580+0000 INFO [o.n.i.d.DiagnosticsManager] JVM memory information:
2020-06-06 08:09:42.582+0000 INFO [o.n.i.d.DiagnosticsManager] Free  memory: 32.87 MB
2020-06-06 08:09:42.583+0000 INFO [o.n.i.d.DiagnosticsManager] Total memory: 54.00 MB
2020-06-06 08:09:42.583+0000 INFO [o.n.i.d.DiagnosticsManager] Max   memory: 1.00 GB
2020-06-06 08:09:42.586+0000 INFO [o.n.i.d.DiagnosticsManager] Garbage Collector: G1 Young Generation: [G1 Eden Space, G1 Survivor Space, G1 Old Gen]
2020-06-06 08:09:42.586+0000 INFO [o.n.i.d.DiagnosticsManager] Garbage Collector: G1 Old Generation: [G1 Eden Space, G1 Survivor Space, G1 Old Gen]
2020-06-06 08:09:42.587+0000 INFO [o.n.i.d.DiagnosticsManager] Memory Pool: Code Cache (Non-heap memory): committed=6.44 MB, used=6.36 MB, max=240.00 MB, threshold=0.00 B
2020-06-06 08:09:42.587+0000 INFO [o.n.i.d.DiagnosticsManager] Memory Pool: Metaspace (Non-heap memory): committed=21.12 MB, used=20.25 MB, max=-1.00 B, threshold=0.00 B
2020-06-06 08:09:42.587+0000 INFO [o.n.i.d.DiagnosticsManager] Memory Pool: Compressed Class Space (Non-heap memory): committed=2.57 MB, used=2.36 MB, max=1.00 GB, threshold=0.00 B
2020-06-06 08:09:42.587+0000 INFO [o.n.i.d.DiagnosticsManager] Memory Pool: G1 Eden Space (Heap memory): committed=15.00 MB, used=1.00 MB, max=-1.00 B, threshold=?
2020-06-06 08:09:42.588+0000 INFO [o.n.i.d.DiagnosticsManager] Memory Pool: G1 Survivor Space (Heap memory): committed=3.00 MB, used=3.00 MB, max=-1.00 B, threshold=?
2020-06-06 08:09:42.588+0000 INFO [o.n.i.d.DiagnosticsManager] Memory Pool: G1 Old Gen (Heap memory): committed=36.00 MB, used=15.85 MB, max=1.00 GB, threshold=0.00 B
2020-06-06 08:09:42.588+0000 INFO [o.n.i.d.DiagnosticsManager] Operating system information:
2020-06-06 08:09:42.589+0000 INFO [o.n.i.d.DiagnosticsManager] Operating System: Linux; version: 4.19.76-linuxkit; arch: amd64; cpus: 4
2020-06-06 08:09:42.589+0000 INFO [o.n.i.d.DiagnosticsManager] Max number of file descriptors: 1048576
2020-06-06 08:09:42.589+0000 INFO [o.n.i.d.DiagnosticsManager] Number of open file descriptors: 136
2020-06-06 08:09:42.592+0000 INFO [o.n.i.d.DiagnosticsManager] Process id: 7@152e2a515919
2020-06-06 08:09:42.592+0000 INFO [o.n.i.d.DiagnosticsManager] Byte order: LITTLE_ENDIAN
2020-06-06 08:09:42.597+0000 INFO [o.n.i.d.DiagnosticsManager] Local timezone: Etc/UTC
2020-06-06 08:09:42.597+0000 INFO [o.n.i.d.DiagnosticsManager] JVM information:
2020-06-06 08:09:42.598+0000 INFO [o.n.i.d.DiagnosticsManager] VM Name: OpenJDK 64-Bit Server VM
2020-06-06 08:09:42.598+0000 INFO [o.n.i.d.DiagnosticsManager] VM Vendor: Oracle Corporation
2020-06-06 08:09:42.598+0000 INFO [o.n.i.d.DiagnosticsManager] VM Version: 25.252-b09
2020-06-06 08:09:42.599+0000 INFO [o.n.i.d.DiagnosticsManager] JIT compiler: HotSpot 64-Bit Tiered Compilers
2020-06-06 08:09:42.599+0000 INFO [o.n.i.d.DiagnosticsManager] VM Arguments: [-Xmx1G, -XX:+UseG1GC, -XX:-OmitStackTraceInFastThrow, -XX:+AlwaysPreTouch, -XX:+UnlockExperimentalVMOptions, -XX:+TrustFinalNonStaticFields, -XX:+DisableExplicitGC, -Djdk.tls.ephemeralDHKeySize=2048, -Djdk.tls.rejectClientInitiatedRenegotiation=true, -Dunsupported.dbms.udc.source=docker, -Dfile.encoding=UTF-8]
2020-06-06 08:09:42.599+0000 INFO [o.n.i.d.DiagnosticsManager] Java classpath:
2020-06-06 08:09:42.604+0000 INFO [o.n.i.d.DiagnosticsManager]  [classpath + loader.0] file:/var/lib/neo4j/lib/neo4j-server-3.5.18.jar
2020-06-06 08:09:42.604+0000 INFO [o.n.i.d.DiagnosticsManager]  [classpath + loader.0] file:/var/lib/neo4j/lib/neo4j-common-3.5.18.jar
2020-06-06 08:09:42.605+0000 INFO [o.n.i.d.DiagnosticsManager]  [classpath + loader.0] file:/var/lib/neo4j/lib/neo4j-cypher-expression-3.4-3.4.18.jar
2020-06-06 08:09:42.605+0000 INFO [o.n.i.d.DiagnosticsManager]  [classpath + loader.0] file:/var/lib/neo4j/lib/jackson-databind-2.10.2.jar
2020-06-06 08:09:42.605+0000 INFO [o.n.i.d.DiagnosticsManager]  [classpath + loader.0] file:/var/lib/neo4j/lib/jackson-jaxrs-base-2.10.2.jar
2020-06-06 08:09:42.605+0000 INFO [o.n.i.d.DiagnosticsManager]  [classpath + loader.0] file:/var/lib/neo4j/lib/neo4j-data-collector-3.5.18.jar
2020-06-06 08:09:42.605+0000 INFO [o.n.i.d.DiagnosticsManager]  [classpath + loader.0] file:/var/lib/neo4j/lib/neo4j-procedure-api-3.5.18.jar
2020-06-06 08:09:42.606+0000 INFO [o.n.i.d.DiagnosticsManager]  [classpath + loader.0] file:/var/lib/neo4j/lib/neo4j-cypher-logical-plans-3.4-3.4.18.jar
2020-06-06 08:09:42.606+0000 INFO [o.n.i.d.DiagnosticsManager]  [classpath + loader.0] file:/var/lib/neo4j/lib/openCypher-frontend-1-3.4.18.jar
2020-06-06 08:09:42.606+0000 INFO [o.n.i.d.DiagnosticsManager]  [classpath + loader.0] file:/var/lib/neo4j/lib/neo4j-ssl-3.5.18.jar
2020-06-06 08:09:42.606+0000 INFO [o.n.i.d.DiagnosticsManager]  [classpath + loader.0] file:/var/lib/neo4j/lib/jetty-http-9.4.17.v20190418.jar
2020-06-06 08:09:42.606+0000 INFO [o.n.i.d.DiagnosticsManager]  [loader.1] file:/usr/local/openjdk-8/lib/ext/zipfs.jar
2020-06-06 08:09:42.606+0000 INFO [o.n.i.d.DiagnosticsManager]  [classpath + loader.0] file:/var/lib/neo4j/lib/neo4j-consistency-check-3.5.18.jar
2020-06-06 08:09:42.606+0000 INFO [o.n.i.d.DiagnosticsManager]  [classpath + loader.0] file:/var/lib/neo4j/lib/neo4j-kernel-api-3.5.18.jar
2020-06-06 08:09:42.606+0000 INFO [o.n.i.d.DiagnosticsManager]  [classpath + loader.0] file:/var/lib/neo4j/lib/concurrentlinkedhashmap-lru-1.4.2.jar
2020-06-06 08:09:42.606+0000 INFO [o.n.i.d.DiagnosticsManager]  [classpath + loader.0] file:/var/lib/neo4j/lib/jackson-core-2.10.2.jar
2020-06-06 08:09:42.606+0000 INFO [o.n.i.d.DiagnosticsManager]  [classpath + loader.0] file:/var/lib/neo4j/lib/jPowerShell-1.9.jar
2020-06-06 08:09:42.606+0000 INFO [o.n.i.d.DiagnosticsManager]  [classpath + loader.0] file:/var/lib/neo4j/lib/neo4j-io-3.5.18.jar
2020-06-06 08:09:42.607+0000 INFO [o.n.i.d.DiagnosticsManager]  [loader.1] file:/usr/local/openjdk-8/lib/ext/sunec.jar
2020-06-06 08:09:42.607+0000 INFO [o.n.i.d.DiagnosticsManager]  [classpath + loader.0] file:/var/lib/neo4j/lib/neo4j-annotation-processors-3.5.18.jar
2020-06-06 08:09:42.607+0000 INFO [o.n.i.d.DiagnosticsManager]  [classpath + loader.0] file:/var/lib/neo4j/lib/neo4j-cypher-ir-3.4-3.4.18.jar
2020-06-06 08:09:42.607+0000 INFO [o.n.i.d.DiagnosticsManager]  [classpath + loader.0] file:/plugins/*
2020-06-06 08:09:42.607+0000 INFO [o.n.i.d.DiagnosticsManager]  [classpath + loader.0] file:/var/lib/neo4j/lib/jakarta.activation-api-1.2.1.jar
2020-06-06 08:09:42.607+0000 INFO [o.n.i.d.DiagnosticsManager]  [loader.1] file:/usr/local/openjdk-8/lib/ext/sunjce_provider.jar
2020-06-06 08:09:42.607+0000 INFO [o.n.i.d.DiagnosticsManager]  [classpath + loader.0] file:/var/lib/neo4j/lib/jetty-io-9.4.17.v20190418.jar
2020-06-06 08:09:42.607+0000 INFO [o.n.i.d.DiagnosticsManager]  [classpath + loader.0] file:/var/lib/neo4j/lib/jersey-server-1.19.3.jar
2020-06-06 08:09:42.607+0000 INFO [o.n.i.d.DiagnosticsManager]  [classpath + loader.0] file:/var/lib/neo4j/lib/neo4j-cypher-expression-evaluator-3.5.18.jar
2020-06-06 08:09:42.607+0000 INFO [o.n.i.d.DiagnosticsManager]  [classpath + loader.0] file:/var/lib/neo4j/lib/bcpkix-jdk15on-1.64.jar
2020-06-06 08:09:42.607+0000 INFO [o.n.i.d.DiagnosticsManager]  [classpath + loader.0] file:/var/lib/neo4j/lib/neo4j-legacy-3.5.18.jar
2020-06-06 08:09:42.607+0000 INFO [o.n.i.d.DiagnosticsManager]  [classpath + loader.0] file:/var/lib/neo4j/lib/commons-io-2.6.jar
2020-06-06 08:09:42.607+0000 INFO [o.n.i.d.DiagnosticsManager]  [classpath + loader.0] file:/var/lib/neo4j/lib/neo4j-import-tool-3.5.18.jar
2020-06-06 08:09:42.607+0000 INFO [o.n.i.d.DiagnosticsManager]  [classpath + loader.0] file:/var/lib/neo4j/lib/neo4j-concurrent-3.5.18.jar
2020-06-06 08:09:42.608+0000 INFO [o.n.i.d.DiagnosticsManager]  [loader.1] file:/usr/local/openjdk-8/lib/ext/dnsns.jar
2020-06-06 08:09:42.608+0000 INFO [o.n.i.d.DiagnosticsManager]  [classpath + loader.0] file:/var/lib/neo4j/lib/jersey-core-1.19.3.jar
2020-06-06 08:09:42.608+0000 INFO [o.n.i.d.DiagnosticsManager]  [classpath + loader.0] file:/var/lib/neo4j/lib/neo4j-expressions-3.5-3.5.18.jar
2020-06-06 08:09:42.608+0000 INFO [o.n.i.d.DiagnosticsManager]  [classpath + loader.0] file:/var/lib/neo4j/lib/neo4j-fulltext-index-3.5.18.jar
2020-06-06 08:09:42.608+0000 INFO [o.n.i.d.DiagnosticsManager]  [classpath + loader.0] file:/var/lib/neo4j/lib/jetty-webapp-9.4.17.v20190418.jar
2020-06-06 08:09:42.608+0000 INFO [o.n.i.d.DiagnosticsManager]  [classpath + loader.0] file:/var/lib/neo4j/lib/jetty-xml-9.4.17.v20190418.jar
2020-06-06 08:09:42.608+0000 INFO [o.n.i.d.DiagnosticsManager]  [classpath + loader.0] file:/var/lib/neo4j/lib/commons-configuration-1.10.jar
2020-06-06 08:09:42.608+0000 INFO [o.n.i.d.DiagnosticsManager]  [loader.1] file:/usr/local/openjdk-8/lib/ext/cldrdata.jar
2020-06-06 08:09:42.608+0000 INFO [o.n.i.d.DiagnosticsManager]  [bootstrap] /usr/local/openjdk-8/lib/charsets.jar
2020-06-06 08:09:42.608+0000 INFO [o.n.i.d.DiagnosticsManager]  [classpath + loader.0] file:/var/lib/neo4j/lib/neo4j-dbms-3.5.18.jar
2020-06-06 08:09:42.608+0000 INFO [o.n.i.d.DiagnosticsManager]  [classpath + loader.0] file:/var/lib/neo4j/lib/jersey-servlet-1.19.3.jar
2020-06-06 08:09:42.608+0000 INFO [o.n.i.d.DiagnosticsManager]  [classpath + loader.0] file:/var/lib/neo4j/lib/neo4j-graph-algo-3.5.18.jar
2020-06-06 08:09:42.608+0000 INFO [o.n.i.d.DiagnosticsManager]  [classpath + loader.0] file:/var/lib/neo4j/lib/neo4j-codegen-3.5.18.jar
2020-06-06 08:09:42.608+0000 INFO [o.n.i.d.DiagnosticsManager]  [classpath + loader.0] file:/var/lib/neo4j/lib/neo4j-cypher-ir-3.5-3.5.18.jar
2020-06-06 08:09:42.608+0000 INFO [o.n.i.d.DiagnosticsManager]  [classpath + loader.0] file:/var/lib/neo4j/lib/netty-all-4.1.48.Final.jar
2020-06-06 08:09:42.608+0000 INFO [o.n.i.d.DiagnosticsManager]  [classpath + loader.0] file:/var/lib/neo4j/lib/txw2-2.3.2.jar
2020-06-06 08:09:42.608+0000 INFO [o.n.i.d.DiagnosticsManager]  [bootstrap] /usr/local/openjdk-8/lib/resources.jar
2020-06-06 08:09:42.609+0000 INFO [o.n.i.d.DiagnosticsManager]  [classpath + loader.0] file:/var/lib/neo4j/lib/scala-library-2.11.12.jar
2020-06-06 08:09:42.609+0000 INFO [o.n.i.d.DiagnosticsManager]  [classpath + loader.0] file:/var/lib/neo4j/lib/neo4j-cypher-logical-plans-3.5-3.5.18.jar
2020-06-06 08:09:42.609+0000 INFO [o.n.i.d.DiagnosticsManager]  [bootstrap] /usr/local/openjdk-8/lib/jsse.jar
2020-06-06 08:09:42.609+0000 INFO [o.n.i.d.DiagnosticsManager]  [classpath + loader.0] file:/var/lib/neo4j/lib/neo4j-lucene-index-3.5.18.jar
2020-06-06 08:09:42.609+0000 INFO [o.n.i.d.DiagnosticsManager]  [loader.1] file:/usr/local/openjdk-8/lib/ext/localedata.jar
2020-06-06 08:09:42.609+0000 INFO [o.n.i.d.DiagnosticsManager]  [classpath + loader.0] file:/var/lib/neo4j/lib/jetty-server-9.4.17.v20190418.jar
2020-06-06 08:09:42.609+0000 INFO [o.n.i.d.DiagnosticsManager]  [classpath + loader.0] file:/var/lib/neo4j/lib/jackson-jaxrs-json-provider-2.10.2.jar
2020-06-06 08:09:42.609+0000 INFO [o.n.i.d.DiagnosticsManager]  [classpath + loader.0] file:/var/lib/neo4j/lib/neo4j-cypher-3.5.18.jar
2020-06-06 08:09:42.609+0000 INFO [o.n.i.d.DiagnosticsManager]  [classpath + loader.0] file:/var/lib/neo4j/lib/neo4j-cypher-planner-spi-3.5-3.5.18.jar
2020-06-06 08:09:42.609+0000 INFO [o.n.i.d.DiagnosticsManager]  [classpath + loader.0] file:/var/lib/neo4j/lib/neo4j-collections-3.5.18.jar
2020-06-06 08:09:42.609+0000 INFO [o.n.i.d.DiagnosticsManager]  [classpath + loader.0] file:/var/lib/neo4j/lib/server-api-3.5.18.jar
2020-06-06 08:09:42.609+0000 INFO [o.n.i.d.DiagnosticsManager]  [classpath + loader.0] file:/var/lib/neo4j/lib/neo4j-push-to-cloud-3.5.18.jar
2020-06-06 08:09:42.609+0000 INFO [o.n.i.d.DiagnosticsManager]  [classpath + loader.0] file:/var/lib/neo4j/lib/javax.servlet-api-3.1.0.jar
2020-06-06 08:09:42.610+0000 INFO [o.n.i.d.DiagnosticsManager]  [bootstrap] /usr/local/openjdk-8/lib/sunrsasign.jar
2020-06-06 08:09:42.610+0000 INFO [o.n.i.d.DiagnosticsManager]  [classpath + loader.0] file:/var/lib/neo4j/lib/neo4j-rewriting-3.5-3.5.18.jar
2020-06-06 08:09:42.610+0000 INFO [o.n.i.d.DiagnosticsManager]  [classpath + loader.0] file:/var/lib/neo4j/lib/jProcesses-1.6.4.jar
2020-06-06 08:09:42.610+0000 INFO [o.n.i.d.DiagnosticsManager]  [classpath + loader.0] file:/var/lib/neo4j/lib/neo4j-cypher-compiler-2.3-2.3.12.jar
2020-06-06 08:09:42.610+0000 INFO [o.n.i.d.DiagnosticsManager]  [classpath + loader.0] file:/var/lib/neo4j/lib/istack-commons-runtime-3.0.8.jar
2020-06-06 08:09:42.610+0000 INFO [o.n.i.d.DiagnosticsManager]  [loader.1] file:/usr/local/openjdk-8/lib/ext/sunpkcs11.jar
2020-06-06 08:09:42.610+0000 INFO [o.n.i.d.DiagnosticsManager]  [classpath + loader.0] file:/var/lib/neo4j/lib/scala-reflect-2.11.12.jar
2020-06-06 08:09:42.610+0000 INFO [o.n.i.d.DiagnosticsManager]  [classpath + loader.0] file:/var/lib/neo4j/lib/neo4j-bolt-3.5.18.jar
2020-06-06 08:09:42.610+0000 INFO [o.n.i.d.DiagnosticsManager]  [classpath + loader.0] file:/var/lib/neo4j/lib/neo4j-csv-3.5.18.jar
2020-06-06 08:09:42.610+0000 INFO [o.n.i.d.DiagnosticsManager]  [classpath + loader.0] file:/var/lib/neo4j/lib/commons-lang-2.6.jar
2020-06-06 08:09:42.611+0000 INFO [o.n.i.d.DiagnosticsManager]  [classpath + loader.0] file:/var/lib/neo4j/lib/lucene-core-5.5.5.jar
2020-06-06 08:09:42.611+0000 INFO [o.n.i.d.DiagnosticsManager]  [classpath + loader.0] file:/var/lib/neo4j/lib/lucene-codecs-5.5.5.jar
2020-06-06 08:09:42.611+0000 INFO [o.n.i.d.DiagnosticsManager]  [classpath + loader.0] file:/var/lib/neo4j/lib/neo4j-security-3.5.18.jar
2020-06-06 08:09:42.611+0000 INFO [o.n.i.d.DiagnosticsManager]  [classpath + loader.0] file:/var/lib/neo4j/lib/neo4j-cypher-runtime-util-3.5.18.jar
2020-06-06 08:09:42.611+0000 INFO [o.n.i.d.DiagnosticsManager]  [bootstrap] /usr/local/openjdk-8/lib/rt.jar
2020-06-06 08:09:42.611+0000 INFO [o.n.i.d.DiagnosticsManager]  [classpath + loader.0] file:/var/lib/neo4j/lib/activation-1.1.1.jar
2020-06-06 08:09:42.611+0000 INFO [o.n.i.d.DiagnosticsManager]  [classpath + loader.0] file:/var/lib/neo4j/lib/stax-ex-1.8.1.jar
2020-06-06 08:09:42.611+0000 INFO [o.n.i.d.DiagnosticsManager]  [classpath + loader.0] file:/var/lib/neo4j/lib/neo4j-udc-3.5.18.jar
2020-06-06 08:09:42.611+0000 INFO [o.n.i.d.DiagnosticsManager]  [classpath + loader.0] file:/var/lib/neo4j/lib/neo4j-cypher-compiler-3.1-3.1.9.jar
2020-06-06 08:09:42.611+0000 INFO [o.n.i.d.DiagnosticsManager]  [classpath + loader.0] file:/var/lib/neo4j/lib/neo4j-3.5.18.jar
2020-06-06 08:09:42.611+0000 INFO [o.n.i.d.DiagnosticsManager]  [classpath + loader.0] file:/var/lib/neo4j/lib/eclipse-collections-9.2.0.jar
2020-06-06 08:09:42.611+0000 INFO [o.n.i.d.DiagnosticsManager]  [classpath + loader.0] file:/var/lib/neo4j/lib/commons-compress-1.19.jar
2020-06-06 08:09:42.611+0000 INFO [o.n.i.d.DiagnosticsManager]  [classpath + loader.0] file:/var/lib/neo4j/lib/bcprov-jdk15on-1.64.jar
2020-06-06 08:09:42.611+0000 INFO [o.n.i.d.DiagnosticsManager]  [classpath + loader.0] file:/var/lib/neo4j/lib/commons-lang3-3.8.jar
2020-06-06 08:09:42.611+0000 INFO [o.n.i.d.DiagnosticsManager]  [classpath + loader.0] file:/var/lib/neo4j/lib/neo4j-cypher-interpreted-runtime-3.5.18.jar
2020-06-06 08:09:42.611+0000 INFO [o.n.i.d.DiagnosticsManager]  [classpath + loader.0] file:/var/lib/neo4j/lib/jackson-module-jaxb-annotations-2.10.2.jar
2020-06-06 08:09:42.611+0000 INFO [o.n.i.d.DiagnosticsManager]  [classpath + loader.0] file:/var/lib/neo4j/conf/
2020-06-06 08:09:42.611+0000 INFO [o.n.i.d.DiagnosticsManager]  [classpath + loader.0] file:/var/lib/neo4j/lib/jetty-util-9.4.17.v20190418.jar
2020-06-06 08:09:42.611+0000 INFO [o.n.i.d.DiagnosticsManager]  [classpath + loader.0] file:/var/lib/neo4j/lib/jaxb-runtime-2.3.2.jar
2020-06-06 08:09:42.611+0000 INFO [o.n.i.d.DiagnosticsManager]  [classpath + loader.0] file:/var/lib/neo4j/lib/neo4j-command-line-3.5.18.jar
2020-06-06 08:09:42.612+0000 INFO [o.n.i.d.DiagnosticsManager]  [classpath + loader.0] file:/var/lib/neo4j/lib/jaxb-api-2.3.0.jar
2020-06-06 08:09:42.612+0000 INFO [o.n.i.d.DiagnosticsManager]  [classpath + loader.0] file:/var/lib/neo4j/lib/neo4j-browser-4.0.8.jar
2020-06-06 08:09:42.612+0000 INFO [o.n.i.d.DiagnosticsManager]  [classpath + loader.0] file:/var/lib/neo4j/lib/neo4j-diagnostics-3.5.18.jar
2020-06-06 08:09:42.612+0000 INFO [o.n.i.d.DiagnosticsManager]  [classpath + loader.0] file:/var/lib/neo4j/lib/neo4j-graphdb-api-3.5.18.jar
2020-06-06 08:09:42.612+0000 INFO [o.n.i.d.DiagnosticsManager]  [classpath + loader.0] file:/var/lib/neo4j/lib/neo4j-front-end-3.5-3.5.18.jar
2020-06-06 08:09:42.612+0000 INFO [o.n.i.d.DiagnosticsManager]  [classpath + loader.0] file:/var/lib/neo4j/lib/neo4j-cypher-planner-3.4-3.4.18.jar
2020-06-06 08:09:42.612+0000 INFO [o.n.i.d.DiagnosticsManager]  [classpath + loader.0] file:/var/lib/neo4j/lib/opencsv-2.3.jar
2020-06-06 08:09:42.612+0000 INFO [o.n.i.d.DiagnosticsManager]  [classpath + loader.0] file:/var/lib/neo4j/lib/parboiled-scala_2.11-1.1.7.jar
2020-06-06 08:09:42.612+0000 INFO [o.n.i.d.DiagnosticsManager]  [classpath + loader.0] file:/var/lib/neo4j/lib/neo4j-values-3.5.18.jar
2020-06-06 08:09:42.612+0000 INFO [o.n.i.d.DiagnosticsManager]  [classpath + loader.0] file:/var/lib/neo4j/lib/neo4j-cypher-planner-spi-3.4-3.4.18.jar
2020-06-06 08:09:42.612+0000 INFO [o.n.i.d.DiagnosticsManager]  [classpath + loader.0] file:/var/lib/neo4j/lib/neo4j-resource-3.5.18.jar
2020-06-06 08:09:42.612+0000 INFO [o.n.i.d.DiagnosticsManager]  [bootstrap] /usr/local/openjdk-8/classes
2020-06-06 08:09:42.612+0000 INFO [o.n.i.d.DiagnosticsManager]  [classpath + loader.0] file:/var/lib/neo4j/lib/jetty-servlet-9.4.17.v20190418.jar
2020-06-06 08:09:42.612+0000 INFO [o.n.i.d.DiagnosticsManager]  [classpath + loader.0] file:/var/lib/neo4j/lib/neo4j-util-3.5-3.5.18.jar
2020-06-06 08:09:42.612+0000 INFO [o.n.i.d.DiagnosticsManager]  [classpath + loader.0] file:/var/lib/neo4j/lib/eclipse-collections-api-9.2.0.jar
2020-06-06 08:09:42.612+0000 INFO [o.n.i.d.DiagnosticsManager]  [classpath + loader.0] file:/var/lib/neo4j/lib/neo4j-ast-3.5-3.5.18.jar
2020-06-06 08:09:42.612+0000 INFO [o.n.i.d.DiagnosticsManager]  [classpath + loader.0] file:/var/lib/neo4j/lib/neo4j-index-3.5.18.jar
2020-06-06 08:09:42.612+0000 INFO [o.n.i.d.DiagnosticsManager]  [classpath + loader.0] file:/var/lib/neo4j/lib/neo4j-spatial-index-3.5.18.jar
2020-06-06 08:09:42.612+0000 INFO [o.n.i.d.DiagnosticsManager]  [classpath + loader.0] file:/var/lib/neo4j/lib/FastInfoset-1.2.16.jar
2020-06-06 08:09:42.612+0000 INFO [o.n.i.d.DiagnosticsManager]  [bootstrap] /usr/local/openjdk-8/lib/jfr.jar
2020-06-06 08:09:42.613+0000 INFO [o.n.i.d.DiagnosticsManager]  [classpath + loader.0] file:/var/lib/neo4j/lib/caffeine-2.6.2.jar
2020-06-06 08:09:42.613+0000 INFO [o.n.i.d.DiagnosticsManager]  [classpath + loader.0] file:/var/lib/neo4j/lib/lucene-queryparser-5.5.5.jar
2020-06-06 08:09:42.613+0000 INFO [o.n.i.d.DiagnosticsManager]  [classpath + loader.0] file:/var/lib/neo4j/lib/neo4j-configuration-3.5.18.jar
2020-06-06 08:09:42.613+0000 INFO [o.n.i.d.DiagnosticsManager]  [loader.1] file:/usr/local/openjdk-8/lib/ext/nashorn.jar
2020-06-06 08:09:42.613+0000 INFO [o.n.i.d.DiagnosticsManager]  [classpath + loader.0] file:/var/lib/neo4j/lib/neo4j-cypher-planner-3.5-3.5.18.jar
2020-06-06 08:09:42.613+0000 INFO [o.n.i.d.DiagnosticsManager]  [classpath + loader.0] file:/var/lib/neo4j/lib/neo4j-parser-3.5-3.5.18.jar
2020-06-06 08:09:42.613+0000 INFO [o.n.i.d.DiagnosticsManager]  [bootstrap] /usr/local/openjdk-8/lib/jce.jar
2020-06-06 08:09:42.613+0000 INFO [o.n.i.d.DiagnosticsManager]  [classpath + loader.0] file:/var/lib/neo4j/lib/neo4j-cypher-frontend-3.1-3.1.9.jar
2020-06-06 08:09:42.613+0000 INFO [o.n.i.d.DiagnosticsManager]  [classpath + loader.0] file:/var/lib/neo4j/lib/WMI4Java-1.6.1.jar
2020-06-06 08:09:42.613+0000 INFO [o.n.i.d.DiagnosticsManager]  [classpath + loader.0] file:/var/lib/neo4j/lib/neo4j-logging-3.5.18.jar
2020-06-06 08:09:42.613+0000 INFO [o.n.i.d.DiagnosticsManager]  [classpath + loader.0] file:/var/lib/neo4j/lib/jsr311-api-1.1.2.r612.jar
2020-06-06 08:09:42.613+0000 INFO [o.n.i.d.DiagnosticsManager]  [classpath + loader.0] file:/var/lib/neo4j/lib/neo4j-cypher-frontend-2.3-2.3.12.jar
2020-06-06 08:09:42.613+0000 INFO [o.n.i.d.DiagnosticsManager]  [classpath + loader.0] file:/var/lib/neo4j/lib/neo4j-unsafe-3.5.18.jar
2020-06-06 08:09:42.613+0000 INFO [o.n.i.d.DiagnosticsManager]  [classpath + loader.0] file:/plugins/
2020-06-06 08:09:42.613+0000 INFO [o.n.i.d.DiagnosticsManager]  [classpath + loader.0] file:/var/lib/neo4j/lib/lucene-analyzers-common-5.5.5.jar
2020-06-06 08:09:42.613+0000 INFO [o.n.i.d.DiagnosticsManager]  [classpath + loader.0] file:/var/lib/neo4j/lib/zstd-proxy-3.5.18.jar
2020-06-06 08:09:42.614+0000 INFO [o.n.i.d.DiagnosticsManager]  [classpath + loader.0] file:/var/lib/neo4j/lib/neo4j-cypher-util-3.4-3.4.18.jar
2020-06-06 08:09:42.614+0000 INFO [o.n.i.d.DiagnosticsManager]  [classpath + loader.0] file:/var/lib/neo4j/lib/zstd-jni-1.3.8-6.jar
2020-06-06 08:09:42.614+0000 INFO [o.n.i.d.DiagnosticsManager]  [classpath + loader.0] file:/var/lib/neo4j/lib/neo4j-kernel-3.5.18.jar
2020-06-06 08:09:42.614+0000 INFO [o.n.i.d.DiagnosticsManager]  [classpath + loader.0] file:/var/lib/neo4j/lib/neo4j-lucene-upgrade-3.5.18.jar
2020-06-06 08:09:42.614+0000 INFO [o.n.i.d.DiagnosticsManager]  [classpath + loader.0] file:/var/lib/neo4j/lib/jakarta.xml.bind-api-2.3.2.jar
2020-06-06 08:09:42.614+0000 INFO [o.n.i.d.DiagnosticsManager]  [classpath + loader.0] file:/var/lib/neo4j/lib/commons-logging-1.1.1.jar
2020-06-06 08:09:42.614+0000 INFO [o.n.i.d.DiagnosticsManager]  [classpath + loader.0] file:/var/lib/neo4j/lib/commons-text-1.4.jar
2020-06-06 08:09:42.614+0000 INFO [o.n.i.d.DiagnosticsManager]  [loader.1] file:/usr/local/openjdk-8/lib/ext/jaccess.jar
2020-06-06 08:09:42.614+0000 INFO [o.n.i.d.DiagnosticsManager]  [classpath + loader.0] file:/var/lib/neo4j/lib/neo4j-graph-matching-3.1.9.jar
2020-06-06 08:09:42.614+0000 INFO [o.n.i.d.DiagnosticsManager]  [classpath + loader.0] file:/var/lib/neo4j/lib/parboiled-core-1.1.7.jar
2020-06-06 08:09:42.614+0000 INFO [o.n.i.d.DiagnosticsManager]  [classpath + loader.0] file:/var/lib/neo4j/lib/jackson-annotations-2.10.2.jar
2020-06-06 08:09:42.614+0000 INFO [o.n.i.d.DiagnosticsManager]  [classpath + loader.0] file:/var/lib/neo4j/lib/neo4j-jmx-3.5.18.jar
2020-06-06 08:09:42.614+0000 INFO [o.n.i.d.DiagnosticsManager]  [classpath + loader.0] file:/var/lib/neo4j/lib/jetty-security-9.4.17.v20190418.jar
2020-06-06 08:09:42.614+0000 INFO [o.n.i.d.DiagnosticsManager] Library path:
2020-06-06 08:09:42.615+0000 INFO [o.n.i.d.DiagnosticsManager] /usr/java/packages/lib/amd64
2020-06-06 08:09:42.615+0000 INFO [o.n.i.d.DiagnosticsManager] /usr/lib64
2020-06-06 08:09:42.615+0000 INFO [o.n.i.d.DiagnosticsManager] /lib64
2020-06-06 08:09:42.615+0000 INFO [o.n.i.d.DiagnosticsManager] /lib
2020-06-06 08:09:42.615+0000 INFO [o.n.i.d.DiagnosticsManager] /usr/lib
2020-06-06 08:09:42.615+0000 INFO [o.n.i.d.DiagnosticsManager] System.properties:
2020-06-06 08:09:42.615+0000 INFO [o.n.i.d.DiagnosticsManager] sun.boot.library.path = /usr/local/openjdk-8/lib/amd64
2020-06-06 08:09:42.615+0000 INFO [o.n.i.d.DiagnosticsManager] jdk.tls.rejectClientInitiatedRenegotiation = true
2020-06-06 08:09:42.615+0000 INFO [o.n.i.d.DiagnosticsManager] path.separator = :
2020-06-06 08:09:42.615+0000 INFO [o.n.i.d.DiagnosticsManager] file.encoding.pkg = sun.io
2020-06-06 08:09:42.616+0000 INFO [o.n.i.d.DiagnosticsManager] sun.java.launcher = SUN_STANDARD
2020-06-06 08:09:42.616+0000 INFO [o.n.i.d.DiagnosticsManager] sun.os.patch.level = unknown
2020-06-06 08:09:42.616+0000 INFO [o.n.i.d.DiagnosticsManager] user.dir = /var/lib/neo4j
2020-06-06 08:09:42.616+0000 INFO [o.n.i.d.DiagnosticsManager] sun.jnu.encoding = UTF-8
2020-06-06 08:09:42.616+0000 INFO [o.n.i.d.DiagnosticsManager] unsupported.dbms.udc.source = docker
2020-06-06 08:09:42.616+0000 INFO [o.n.i.d.DiagnosticsManager] sun.management.compiler = HotSpot 64-Bit Tiered Compilers
2020-06-06 08:09:42.616+0000 INFO [o.n.i.d.DiagnosticsManager] user.home = /var/lib/neo4j
2020-06-06 08:09:42.616+0000 INFO [o.n.i.d.DiagnosticsManager] user.timezone = Etc/UTC
2020-06-06 08:09:42.616+0000 INFO [o.n.i.d.DiagnosticsManager] file.encoding = UTF-8
2020-06-06 08:09:42.616+0000 INFO [o.n.i.d.DiagnosticsManager] user.name = neo4j
2020-06-06 08:09:42.616+0000 INFO [o.n.i.d.DiagnosticsManager] sun.java.command = org.neo4j.server.CommunityEntryPoint --home-dir=/var/lib/neo4j --config-dir=/var/lib/neo4j/conf
2020-06-06 08:09:42.616+0000 INFO [o.n.i.d.DiagnosticsManager] sun.arch.data.model = 64
2020-06-06 08:09:42.616+0000 INFO [o.n.i.d.DiagnosticsManager] user.language = en
2020-06-06 08:09:42.616+0000 INFO [o.n.i.d.DiagnosticsManager] awt.toolkit = sun.awt.X11.XToolkit
2020-06-06 08:09:42.616+0000 INFO [o.n.i.d.DiagnosticsManager] jdk.tls.ephemeralDHKeySize = 2048
2020-06-06 08:09:42.616+0000 INFO [o.n.i.d.DiagnosticsManager] file.separator = /
2020-06-06 08:09:42.616+0000 INFO [o.n.i.d.DiagnosticsManager] sun.io.unicode.encoding = UnicodeLittle
2020-06-06 08:09:42.616+0000 INFO [o.n.i.d.DiagnosticsManager] sun.cpu.endian = little
2020-06-06 08:09:42.616+0000 INFO [o.n.i.d.DiagnosticsManager] sun.cpu.isalist = 
2020-06-06 08:09:42.617+0000 INFO [o.n.i.d.DiagnosticsManager] (IANA) TimeZone Database Version:
2020-06-06 08:09:42.646+0000 INFO [o.n.i.d.DiagnosticsManager]   TimeZone version: 2019c (available for 600 zone identifiers)
2020-06-06 08:09:42.646+0000 INFO [o.n.i.d.DiagnosticsManager] Linux scheduler information:
2020-06-06 08:09:42.657+0000 INFO [o.n.i.d.DiagnosticsManager] [mq-deadline] kyber none
2020-06-06 08:09:42.658+0000 INFO [o.n.i.d.DiagnosticsManager] none
2020-06-06 08:09:42.658+0000 INFO [o.n.i.d.DiagnosticsManager] [mq-deadline] kyber none
2020-06-06 08:09:42.658+0000 INFO [o.n.i.d.DiagnosticsManager] [mq-deadline] kyber none
2020-06-06 08:09:42.658+0000 INFO [o.n.i.d.DiagnosticsManager] none
2020-06-06 08:09:42.658+0000 INFO [o.n.i.d.DiagnosticsManager] [mq-deadline] kyber none
2020-06-06 08:09:42.659+0000 INFO [o.n.i.d.DiagnosticsManager] [mq-deadline] kyber none
2020-06-06 08:09:42.659+0000 INFO [o.n.i.d.DiagnosticsManager] none
2020-06-06 08:09:42.659+0000 INFO [o.n.i.d.DiagnosticsManager] [mq-deadline] kyber none
2020-06-06 08:09:42.659+0000 INFO [o.n.i.d.DiagnosticsManager] [mq-deadline] kyber none
2020-06-06 08:09:42.659+0000 INFO [o.n.i.d.DiagnosticsManager] none
2020-06-06 08:09:42.660+0000 INFO [o.n.i.d.DiagnosticsManager] none
2020-06-06 08:09:42.660+0000 INFO [o.n.i.d.DiagnosticsManager] [mq-deadline] kyber none
2020-06-06 08:09:42.660+0000 INFO [o.n.i.d.DiagnosticsManager] noop [deadline] cfq 
2020-06-06 08:09:42.660+0000 INFO [o.n.i.d.DiagnosticsManager] [mq-deadline] kyber none
2020-06-06 08:09:42.660+0000 INFO [o.n.i.d.DiagnosticsManager] none
2020-06-06 08:09:42.660+0000 INFO [o.n.i.d.DiagnosticsManager] none
2020-06-06 08:09:42.661+0000 INFO [o.n.i.d.DiagnosticsManager] [mq-deadline] kyber none
2020-06-06 08:09:42.661+0000 INFO [o.n.i.d.DiagnosticsManager] noop [deadline] cfq 
2020-06-06 08:09:42.661+0000 INFO [o.n.i.d.DiagnosticsManager] [mq-deadline] kyber none
2020-06-06 08:09:42.661+0000 INFO [o.n.i.d.DiagnosticsManager] none
2020-06-06 08:09:42.661+0000 INFO [o.n.i.d.DiagnosticsManager] none
2020-06-06 08:09:42.661+0000 INFO [o.n.i.d.DiagnosticsManager] [mq-deadline] kyber none
2020-06-06 08:09:42.662+0000 INFO [o.n.i.d.DiagnosticsManager] [mq-deadline] kyber none
2020-06-06 08:09:42.662+0000 INFO [o.n.i.d.DiagnosticsManager] none
2020-06-06 08:09:42.662+0000 INFO [o.n.i.d.DiagnosticsManager] [mq-deadline] kyber none
2020-06-06 08:09:42.662+0000 INFO [o.n.i.d.DiagnosticsManager] [mq-deadline] kyber none
2020-06-06 08:09:42.662+0000 INFO [o.n.i.d.DiagnosticsManager] [mq-deadline] kyber none
2020-06-06 08:09:42.662+0000 INFO [o.n.i.d.DiagnosticsManager] [mq-deadline] kyber none
2020-06-06 08:09:42.663+0000 INFO [o.n.i.d.DiagnosticsManager] [mq-deadline] kyber none
2020-06-06 08:09:42.663+0000 INFO [o.n.i.d.DiagnosticsManager] none
2020-06-06 08:09:42.663+0000 INFO [o.n.i.d.DiagnosticsManager] none
2020-06-06 08:09:42.663+0000 INFO [o.n.i.d.DiagnosticsManager] [mq-deadline] kyber none
2020-06-06 08:09:42.663+0000 INFO [o.n.i.d.DiagnosticsManager] [mq-deadline] kyber none
2020-06-06 08:09:42.664+0000 INFO [o.n.i.d.DiagnosticsManager] [mq-deadline] kyber none
2020-06-06 08:09:42.664+0000 INFO [o.n.i.d.DiagnosticsManager] none
2020-06-06 08:09:42.664+0000 INFO [o.n.i.d.DiagnosticsManager] [mq-deadline] kyber none
2020-06-06 08:09:42.664+0000 INFO [o.n.i.d.DiagnosticsManager] none
2020-06-06 08:09:42.664+0000 INFO [o.n.i.d.DiagnosticsManager] [mq-deadline] kyber none
2020-06-06 08:09:42.664+0000 INFO [o.n.i.d.DiagnosticsManager] noop [deadline] cfq 
2020-06-06 08:09:42.665+0000 INFO [o.n.i.d.DiagnosticsManager] [mq-deadline] kyber none
2020-06-06 08:09:42.665+0000 INFO [o.n.i.d.DiagnosticsManager] none
2020-06-06 08:09:42.666+0000 INFO [o.n.i.d.DiagnosticsManager] none
2020-06-06 08:09:42.666+0000 INFO [o.n.i.d.DiagnosticsManager] [mq-deadline] kyber none
2020-06-06 08:09:42.666+0000 INFO [o.n.i.d.DiagnosticsManager] Network information:
2020-06-06 08:09:42.668+0000 INFO [o.n.i.d.DiagnosticsManager] Interface eth0:
2020-06-06 08:09:42.668+0000 INFO [o.n.i.d.DiagnosticsManager]     address: 172.25.0.3
2020-06-06 08:09:42.668+0000 INFO [o.n.i.d.DiagnosticsManager] Interface lo:
2020-06-06 08:09:42.668+0000 INFO [o.n.i.d.DiagnosticsManager]     address: 127.0.0.1
2020-06-06 08:09:42.668+0000 INFO [o.n.i.d.DiagnosticsManager] --- INITIALIZED diagnostics END ---
2020-06-06 08:09:43.031+0000 INFO [o.n.k.i.s.f.RecordFormatSelector] Selected RecordFormat:StandardV3_4[v0.A.9] record format from store /data/databases/graph.db
2020-06-06 08:09:43.095+0000 INFO [o.n.k.i.s.f.RecordFormatSelector] Selected RecordFormat:StandardV3_4[v0.A.9] record format from store /data/databases/graph.db
2020-06-06 08:09:43.096+0000 INFO [o.n.k.i.s.f.RecordFormatSelector] Format not configured. Selected format from the store: RecordFormat:StandardV3_4[v0.A.9]
2020-06-06 08:09:44.072+0000 INFO [o.n.k.NeoStoreDataSource] No commits found after last check point (which is at LogPosition{logVersion=0, byteOffset=16})
2020-06-06 08:09:44.130+0000 INFO [o.n.i.d.DiagnosticsManager] --- STARTED diagnostics for KernelDiagnostics:Versions START ---
2020-06-06 08:09:44.131+0000 INFO [o.n.i.d.DiagnosticsManager] Graph Database: community single StoreId{creationTime=1591377643554, randomId=7041449440520670694, storeVersion=16094931155187206, upgradeTime=1591377643554, upgradeId=1}
2020-06-06 08:09:44.132+0000 INFO [o.n.i.d.DiagnosticsManager] Kernel version: 3.5.18,8a3ad8ca48156d7991391709a60a42a9c0f8f230
2020-06-06 08:09:44.133+0000 INFO [o.n.i.d.DiagnosticsManager] --- STARTED diagnostics for KernelDiagnostics:Versions END ---
2020-06-06 08:09:44.136+0000 INFO [o.n.i.d.DiagnosticsManager] --- STARTED diagnostics for NEO_STORE_VERSIONS START ---
2020-06-06 08:09:44.137+0000 INFO [o.n.i.d.DiagnosticsManager] Store versions:
2020-06-06 08:09:44.139+0000 INFO [o.n.i.d.DiagnosticsManager]   ArrayPropertyStore v0.A.9
2020-06-06 08:09:44.140+0000 INFO [o.n.i.d.DiagnosticsManager]   NodeStore v0.A.9
2020-06-06 08:09:44.141+0000 INFO [o.n.i.d.DiagnosticsManager]   StringPropertyStore v0.A.9
2020-06-06 08:09:44.142+0000 INFO [o.n.i.d.DiagnosticsManager]   PropertyIndexStore v0.A.9
2020-06-06 08:09:44.142+0000 INFO [o.n.i.d.DiagnosticsManager]   StringPropertyStore v0.A.9
2020-06-06 08:09:44.143+0000 INFO [o.n.i.d.DiagnosticsManager]   ArrayPropertyStore v0.A.9
2020-06-06 08:09:44.144+0000 INFO [o.n.i.d.DiagnosticsManager]   PropertyStore v0.A.9
2020-06-06 08:09:44.145+0000 INFO [o.n.i.d.DiagnosticsManager]   RelationshipStore v0.A.9
2020-06-06 08:09:44.145+0000 INFO [o.n.i.d.DiagnosticsManager]   StringPropertyStore v0.A.9
2020-06-06 08:09:44.146+0000 INFO [o.n.i.d.DiagnosticsManager]   RelationshipTypeStore v0.A.9
2020-06-06 08:09:44.147+0000 INFO [o.n.i.d.DiagnosticsManager]   StringPropertyStore v0.A.9
2020-06-06 08:09:44.148+0000 INFO [o.n.i.d.DiagnosticsManager]   LabelTokenStore v0.A.9
2020-06-06 08:09:44.149+0000 INFO [o.n.i.d.DiagnosticsManager]   SchemaStore v0.A.9
2020-06-06 08:09:44.150+0000 INFO [o.n.i.d.DiagnosticsManager]   RelationshipGroupStore v0.A.9
2020-06-06 08:09:44.150+0000 INFO [o.n.i.d.DiagnosticsManager]   NeoStore v0.A.9
2020-06-06 08:09:44.152+0000 INFO [o.n.i.d.DiagnosticsManager] --- STARTED diagnostics for NEO_STORE_VERSIONS END ---
2020-06-06 08:09:44.153+0000 INFO [o.n.i.d.DiagnosticsManager] --- STARTED diagnostics for NEO_STORE_ID_USAGE START ---
2020-06-06 08:09:44.153+0000 INFO [o.n.i.d.DiagnosticsManager] Id usage:
2020-06-06 08:09:44.155+0000 INFO [o.n.i.d.DiagnosticsManager]   ArrayPropertyStore: used=1 high=0
2020-06-06 08:09:44.156+0000 INFO [o.n.i.d.DiagnosticsManager]   NodeStore: used=0 high=-1
2020-06-06 08:09:44.156+0000 INFO [o.n.i.d.DiagnosticsManager]   StringPropertyStore: used=1 high=0
2020-06-06 08:09:44.157+0000 INFO [o.n.i.d.DiagnosticsManager]   PropertyIndexStore: used=0 high=-1
2020-06-06 08:09:44.158+0000 INFO [o.n.i.d.DiagnosticsManager]   StringPropertyStore: used=1 high=0
2020-06-06 08:09:44.159+0000 INFO [o.n.i.d.DiagnosticsManager]   ArrayPropertyStore: used=1 high=0
2020-06-06 08:09:44.159+0000 INFO [o.n.i.d.DiagnosticsManager]   PropertyStore: used=0 high=-1
2020-06-06 08:09:44.160+0000 INFO [o.n.i.d.DiagnosticsManager]   RelationshipStore: used=0 high=-1
2020-06-06 08:09:44.161+0000 INFO [o.n.i.d.DiagnosticsManager]   StringPropertyStore: used=1 high=0
2020-06-06 08:09:44.163+0000 INFO [o.n.i.d.DiagnosticsManager]   RelationshipTypeStore: used=0 high=-1
2020-06-06 08:09:44.164+0000 INFO [o.n.i.d.DiagnosticsManager]   StringPropertyStore: used=1 high=0
2020-06-06 08:09:44.164+0000 INFO [o.n.i.d.DiagnosticsManager]   LabelTokenStore: used=0 high=-1
2020-06-06 08:09:44.165+0000 INFO [o.n.i.d.DiagnosticsManager]   SchemaStore: used=1 high=0
2020-06-06 08:09:44.166+0000 INFO [o.n.i.d.DiagnosticsManager]   RelationshipGroupStore: used=1 high=0
2020-06-06 08:09:44.167+0000 INFO [o.n.i.d.DiagnosticsManager]   NeoStore: used=15 high=14
2020-06-06 08:09:44.168+0000 INFO [o.n.i.d.DiagnosticsManager] --- STARTED diagnostics for NEO_STORE_ID_USAGE END ---
2020-06-06 08:09:44.169+0000 INFO [o.n.i.d.DiagnosticsManager] --- STARTED diagnostics for NEO_STORE_RECORDS START ---
2020-06-06 08:09:44.169+0000 INFO [o.n.i.d.DiagnosticsManager] Neostore records:
2020-06-06 08:09:44.171+0000 INFO [o.n.i.d.DiagnosticsManager] TIME (Creation time): 1591377643554
2020-06-06 08:09:44.172+0000 INFO [o.n.i.d.DiagnosticsManager] RANDOM_NUMBER (Random number for store id): 7041449440520670694
2020-06-06 08:09:44.173+0000 INFO [o.n.i.d.DiagnosticsManager] LOG_VERSION (Current log version): 0
2020-06-06 08:09:44.173+0000 INFO [o.n.i.d.DiagnosticsManager] LAST_TRANSACTION_ID (Last committed transaction): 1
2020-06-06 08:09:44.174+0000 INFO [o.n.i.d.DiagnosticsManager] STORE_VERSION (Store format version): 16094931155187206
2020-06-06 08:09:44.175+0000 INFO [o.n.i.d.DiagnosticsManager] FIRST_GRAPH_PROPERTY (First property record containing graph properties): -1
2020-06-06 08:09:44.176+0000 INFO [o.n.i.d.DiagnosticsManager] LAST_CONSTRAINT_TRANSACTION (Last committed transaction containing constraint changes): 0
2020-06-06 08:09:44.176+0000 INFO [o.n.i.d.DiagnosticsManager] UPGRADE_TRANSACTION_ID (Transaction id most recent upgrade was performed at): 1
2020-06-06 08:09:44.177+0000 INFO [o.n.i.d.DiagnosticsManager] UPGRADE_TIME (Time of last upgrade): 1591377643554
2020-06-06 08:09:44.178+0000 INFO [o.n.i.d.DiagnosticsManager] LAST_TRANSACTION_CHECKSUM (Checksum of last committed transaction): 0
2020-06-06 08:09:44.179+0000 INFO [o.n.i.d.DiagnosticsManager] UPGRADE_TRANSACTION_CHECKSUM (Checksum of transaction id the most recent upgrade was performed at): 0
2020-06-06 08:09:44.180+0000 INFO [o.n.i.d.DiagnosticsManager] LAST_CLOSED_TRANSACTION_LOG_VERSION (Log version where the last transaction commit entry has been written into): 0
2020-06-06 08:09:44.180+0000 INFO [o.n.i.d.DiagnosticsManager] LAST_CLOSED_TRANSACTION_LOG_BYTE_OFFSET (Byte offset in the log file where the last transaction commit entry has been written into): 16
2020-06-06 08:09:44.181+0000 INFO [o.n.i.d.DiagnosticsManager] LAST_TRANSACTION_COMMIT_TIMESTAMP (Commit time timestamp for last committed transaction): 0
2020-06-06 08:09:44.182+0000 INFO [o.n.i.d.DiagnosticsManager] UPGRADE_TRANSACTION_COMMIT_TIMESTAMP (Commit timestamp of transaction the most recent upgrade was performed at): 0
2020-06-06 08:09:44.183+0000 INFO [o.n.i.d.DiagnosticsManager] --- STARTED diagnostics for NEO_STORE_RECORDS END ---
2020-06-06 08:09:44.186+0000 INFO [o.n.i.d.DiagnosticsManager] --- STARTED diagnostics for TRANSACTION_RANGE START ---
2020-06-06 08:09:44.186+0000 INFO [o.n.i.d.DiagnosticsManager] Transaction log:
2020-06-06 08:09:44.191+0000 INFO [o.n.i.d.DiagnosticsManager] Oldest transaction 2 found in log with version 0
2020-06-06 08:09:44.192+0000 INFO [o.n.i.d.DiagnosticsManager] --- STARTED diagnostics for TRANSACTION_RANGE END ---
2020-06-06 08:09:44.198+0000 INFO [o.n.i.d.DiagnosticsManager] --- STARTED diagnostics for KernelDiagnostics:StoreFiles START ---
2020-06-06 08:09:44.200+0000 INFO [o.n.i.d.DiagnosticsManager] Disk space on partition (Total / Free / Free %): 1000240963584 / 693400010752 / 69
2020-06-06 08:09:44.200+0000 INFO [o.n.i.d.DiagnosticsManager] Storage files: (filename : modification date - size)
2020-06-06 08:09:44.208+0000 INFO [o.n.i.d.DiagnosticsManager]   index:
2020-06-06 08:09:44.211+0000 INFO [o.n.i.d.DiagnosticsManager]   - Total: 2020-06-05T17:20:44+0000 - 0.00 B
2020-06-06 08:09:44.213+0000 INFO [o.n.i.d.DiagnosticsManager]   neostore: 2020-06-05T17:20:43+0000 - 8.00 kB
2020-06-06 08:09:44.215+0000 INFO [o.n.i.d.DiagnosticsManager]   neostore.counts.db.a: 2020-06-05T17:20:44+0000 - 96.00 B
2020-06-06 08:09:44.216+0000 INFO [o.n.i.d.DiagnosticsManager]   neostore.id: 2020-06-06T08:09:43+0000 - 9.00 B
2020-06-06 08:09:44.218+0000 INFO [o.n.i.d.DiagnosticsManager]   neostore.labelscanstore.db: 2020-06-06T08:09:44+0000 - 40.00 kB
2020-06-06 08:09:44.220+0000 INFO [o.n.i.d.DiagnosticsManager]   neostore.labeltokenstore.db: 2020-06-05T17:20:43+0000 - 0.00 B
2020-06-06 08:09:44.222+0000 INFO [o.n.i.d.DiagnosticsManager]   neostore.labeltokenstore.db.id: 2020-06-06T08:09:43+0000 - 9.00 B
2020-06-06 08:09:44.224+0000 INFO [o.n.i.d.DiagnosticsManager]   neostore.labeltokenstore.db.names: 2020-06-05T17:20:43+0000 - 8.00 kB
2020-06-06 08:09:44.225+0000 INFO [o.n.i.d.DiagnosticsManager]   neostore.labeltokenstore.db.names.id: 2020-06-06T08:09:43+0000 - 9.00 B
2020-06-06 08:09:44.227+0000 INFO [o.n.i.d.DiagnosticsManager]   neostore.nodestore.db: 2020-06-05T17:20:43+0000 - 0.00 B
2020-06-06 08:09:44.229+0000 INFO [o.n.i.d.DiagnosticsManager]   neostore.nodestore.db.id: 2020-06-06T08:09:43+0000 - 9.00 B
2020-06-06 08:09:44.231+0000 INFO [o.n.i.d.DiagnosticsManager]   neostore.nodestore.db.labels: 2020-06-05T17:20:43+0000 - 8.00 kB
2020-06-06 08:09:44.233+0000 INFO [o.n.i.d.DiagnosticsManager]   neostore.nodestore.db.labels.id: 2020-06-06T08:09:43+0000 - 9.00 B
2020-06-06 08:09:44.235+0000 INFO [o.n.i.d.DiagnosticsManager]   neostore.propertystore.db: 2020-06-05T17:20:43+0000 - 0.00 B
2020-06-06 08:09:44.236+0000 INFO [o.n.i.d.DiagnosticsManager]   neostore.propertystore.db.arrays: 2020-06-05T17:20:43+0000 - 8.00 kB
2020-06-06 08:09:44.238+0000 INFO [o.n.i.d.DiagnosticsManager]   neostore.propertystore.db.arrays.id: 2020-06-06T08:09:43+0000 - 9.00 B
2020-06-06 08:09:44.240+0000 INFO [o.n.i.d.DiagnosticsManager]   neostore.propertystore.db.id: 2020-06-06T08:09:43+0000 - 9.00 B
2020-06-06 08:09:44.241+0000 INFO [o.n.i.d.DiagnosticsManager]   neostore.propertystore.db.index: 2020-06-05T17:20:43+0000 - 0.00 B
2020-06-06 08:09:44.243+0000 INFO [o.n.i.d.DiagnosticsManager]   neostore.propertystore.db.index.id: 2020-06-06T08:09:43+0000 - 9.00 B
2020-06-06 08:09:44.245+0000 INFO [o.n.i.d.DiagnosticsManager]   neostore.propertystore.db.index.keys: 2020-06-05T17:20:43+0000 - 8.00 kB
2020-06-06 08:09:44.247+0000 INFO [o.n.i.d.DiagnosticsManager]   neostore.propertystore.db.index.keys.id: 2020-06-06T08:09:43+0000 - 9.00 B
2020-06-06 08:09:44.249+0000 INFO [o.n.i.d.DiagnosticsManager]   neostore.propertystore.db.strings: 2020-06-05T17:20:43+0000 - 8.00 kB
2020-06-06 08:09:44.251+0000 INFO [o.n.i.d.DiagnosticsManager]   neostore.propertystore.db.strings.id: 2020-06-06T08:09:43+0000 - 9.00 B
2020-06-06 08:09:44.252+0000 INFO [o.n.i.d.DiagnosticsManager]   neostore.relationshipgroupstore.db: 2020-06-05T17:20:43+0000 - 8.00 kB
2020-06-06 08:09:44.254+0000 INFO [o.n.i.d.DiagnosticsManager]   neostore.relationshipgroupstore.db.id: 2020-06-06T08:09:43+0000 - 9.00 B
2020-06-06 08:09:44.257+0000 INFO [o.n.i.d.DiagnosticsManager]   neostore.relationshipstore.db: 2020-06-05T17:20:43+0000 - 0.00 B
2020-06-06 08:09:44.259+0000 INFO [o.n.i.d.DiagnosticsManager]   neostore.relationshipstore.db.id: 2020-06-06T08:09:43+0000 - 9.00 B
2020-06-06 08:09:44.261+0000 INFO [o.n.i.d.DiagnosticsManager]   neostore.relationshiptypestore.db: 2020-06-05T17:20:43+0000 - 0.00 B
2020-06-06 08:09:44.263+0000 INFO [o.n.i.d.DiagnosticsManager]   neostore.relationshiptypestore.db.id: 2020-06-06T08:09:43+0000 - 9.00 B
2020-06-06 08:09:44.265+0000 INFO [o.n.i.d.DiagnosticsManager]   neostore.relationshiptypestore.db.names: 2020-06-05T17:20:43+0000 - 8.00 kB
2020-06-06 08:09:44.272+0000 INFO [o.n.i.d.DiagnosticsManager]   neostore.relationshiptypestore.db.names.id: 2020-06-06T08:09:43+0000 - 9.00 B
2020-06-06 08:09:44.275+0000 INFO [o.n.i.d.DiagnosticsManager]   neostore.schemastore.db: 2020-06-05T17:20:43+0000 - 8.00 kB
2020-06-06 08:09:44.278+0000 INFO [o.n.i.d.DiagnosticsManager]   neostore.schemastore.db.id: 2020-06-06T08:09:43+0000 - 9.00 B
2020-06-06 08:09:44.280+0000 INFO [o.n.i.d.DiagnosticsManager]   neostore.transaction.db.0: 2020-06-05T17:36:44+0000 - 70.00 B
2020-06-06 08:09:44.281+0000 INFO [o.n.i.d.DiagnosticsManager] Storage summary: 
2020-06-06 08:09:44.282+0000 INFO [o.n.i.d.DiagnosticsManager]   Total size of store: 112.29 kB
2020-06-06 08:09:44.283+0000 INFO [o.n.i.d.DiagnosticsManager]   Total size of mapped files: 112.00 kB
2020-06-06 08:09:44.287+0000 INFO [o.n.i.d.DiagnosticsManager] --- STARTED diagnostics for KernelDiagnostics:StoreFiles END ---
2020-06-06 08:09:44.288+0000 INFO [o.n.k.a.DatabaseAvailabilityGuard] Fulfilling of requirement 'Database available' makes database graph.db available.
2020-06-06 08:09:44.290+0000 INFO [o.n.k.a.DatabaseAvailabilityGuard] Database graph.db is ready.
2020-06-06 08:09:44.290+0000 INFO [o.n.k.i.DatabaseHealth] Database health set to OK
2020-06-06 08:09:45.114+0000 INFO [o.n.b.BoltServer] Bolt server loaded
2020-06-06 08:09:45.373+0000 INFO [o.n.b.BoltServer] Bolt enabled on 0.0.0.0:7687.
2020-06-06 08:09:48.560+0000 INFO [o.n.i.d.DiagnosticsManager] --- SERVER STARTED START ---
2020-06-06 08:09:50.263+0000 INFO [o.n.i.d.DiagnosticsManager] --- SERVER STARTED END ---
2020-06-06 08:10:54.466+0000 WARN [o.n.b.r.DefaultBoltConnection] The client is unauthorized due to authentication failure.
2020-06-06 08:11:27.340+0000 WARN [o.n.b.r.DefaultBoltConnection] The client is unauthorized due to authentication failure.
2020-06-06 08:11:27.366+0000 WARN [o.n.b.r.DefaultBoltConnection] The client is unauthorized due to authentication failure.
2020-06-06 08:11:27.393+0000 WARN [o.n.b.r.DefaultBoltConnection] The client is unauthorized due to authentication failure.
2020-06-06 08:18:12.131+0000 WARN [o.n.b.r.DefaultBoltConnection] The client is unauthorized due to authentication failure.
2020-06-06 08:18:12.160+0000 WARN [o.n.b.r.DefaultBoltConnection] The client is unauthorized due to authentication failure.
2020-06-06 08:18:12.185+0000 WARN [o.n.b.r.DefaultBoltConnection] The client is unauthorized due to authentication failure.
2020-06-06 08:18:21.218+0000 WARN [o.n.b.r.DefaultBoltConnection] The client is unauthorized due to authentication failure.
2020-06-06 08:19:04.959+0000 WARN [o.n.b.r.DefaultBoltConnection] The client is unauthorized due to authentication failure.
2020-06-06 08:19:04.973+0000 WARN [o.n.b.r.DefaultBoltConnection] The client has provided incorrect authentication details too many times in a row.
2020-06-06 08:19:04.987+0000 WARN [o.n.b.r.DefaultBoltConnection] The client has provided incorrect authentication details too many times in a row.
2020-06-06 08:19:05.006+0000 WARN [o.n.b.r.DefaultBoltConnection] The client has provided incorrect authentication details too many times in a row.
2020-06-06 08:19:23.051+0000 WARN [o.n.b.r.DefaultBoltConnection] The client is unauthorized due to authentication failure.
2020-06-06 08:21:18.199+0000 INFO [o.n.k.a.DatabaseAvailabilityGuard] Database graph.db is unavailable.
2020-06-06 08:21:18.236+0000 INFO [o.n.g.f.GraphDatabaseFacadeFactory] Shutdown started
2020-06-06 08:21:18.249+0000 INFO [o.n.g.f.GraphDatabaseFacadeFactory] Shutting down 'graph.db' database.
2020-06-06 08:21:18.249+0000 INFO [o.n.g.f.GraphDatabaseFacadeFactory] Shutdown started
2020-06-06 08:21:18.258+0000 INFO [o.n.k.i.t.l.c.CheckPointerImpl] Checkpoint triggered by "Database shutdown" @ txId: 1 checkpoint started...
2020-06-06 08:21:18.283+0000 INFO [o.n.k.i.t.l.c.CheckPointerImpl] Checkpoint triggered by "Database shutdown" @ txId: 1 checkpoint completed in 22ms
2020-06-06 08:21:18.285+0000 INFO [o.n.k.i.t.l.p.LogPruningImpl] No log version pruned, last checkpoint was made in version 0
2020-06-06 08:21:18.323+0000 INFO [o.n.i.d.DiagnosticsManager] --- STOPPING diagnostics START ---
2020-06-06 08:21:18.323+0000 INFO [o.n.i.d.DiagnosticsManager] --- STOPPING diagnostics END ---
2020-06-06 08:22:35.357+0000 INFO [o.n.g.f.m.e.CommunityEditionModule] No locking implementation specified, defaulting to 'community'
2020-06-06 08:22:35.663+0000 INFO [o.n.g.f.GraphDatabaseFacadeFactory] Creating 'graph.db' database.
2020-06-06 08:22:35.727+0000 INFO [o.n.k.a.DatabaseAvailabilityGuard] Requirement `Database available` makes database graph.db unavailable.
2020-06-06 08:22:35.730+0000 INFO [o.n.k.a.DatabaseAvailabilityGuard] Database graph.db is unavailable.
2020-06-06 08:22:35.795+0000 INFO [o.n.i.d.DiagnosticsManager] --- INITIALIZED diagnostics START ---
2020-06-06 08:22:35.796+0000 INFO [o.n.i.d.DiagnosticsManager] Neo4j Kernel properties:
2020-06-06 08:22:35.796+0000 INFO [o.n.i.d.DiagnosticsManager] dbms.connector.http.enabled=true
2020-06-06 08:22:35.796+0000 INFO [o.n.i.d.DiagnosticsManager] dbms.security.auth_enabled=true
2020-06-06 08:22:35.796+0000 INFO [o.n.i.d.DiagnosticsManager] dbms.windows_service_name=neo4j
2020-06-06 08:22:35.796+0000 INFO [o.n.i.d.DiagnosticsManager] dbms.connector.http.listen_address=0.0.0.0:7474
2020-06-06 08:22:35.796+0000 INFO [o.n.i.d.DiagnosticsManager] dbms.connector.https.listen_address=0.0.0.0:7473
2020-06-06 08:22:35.796+0000 INFO [o.n.i.d.DiagnosticsManager] unsupported.dbms.directories.neo4j_home=/var/lib/neo4j
2020-06-06 08:22:35.796+0000 INFO [o.n.i.d.DiagnosticsManager] dbms.connector.bolt.listen_address=0.0.0.0:7687
2020-06-06 08:22:35.797+0000 INFO [o.n.i.d.DiagnosticsManager] dbms.directories.import=/import
2020-06-06 08:22:35.797+0000 INFO [o.n.i.d.DiagnosticsManager] dbms.memory.pagecache.size=1G
2020-06-06 08:22:35.797+0000 INFO [o.n.i.d.DiagnosticsManager] unsupported.dbms.edition=community
2020-06-06 08:22:35.797+0000 INFO [o.n.i.d.DiagnosticsManager] dbms.directories.logs=/logs
2020-06-06 08:22:35.797+0000 INFO [o.n.i.d.DiagnosticsManager] dbms.connector.bolt.enabled=true
2020-06-06 08:22:35.797+0000 INFO [o.n.i.d.DiagnosticsManager] dbms.connector.https.enabled=true
2020-06-06 08:22:35.797+0000 INFO [o.n.i.d.DiagnosticsManager] dbms.jvm.additional=-XX:+UseG1GC
2020-06-06 08:22:35.797+0000 INFO [o.n.i.d.DiagnosticsManager] wrapper.java.additional=-Dneo4j.ext.udc.source=docker
2020-06-06 08:22:35.797+0000 INFO [o.n.i.d.DiagnosticsManager] dbms.directories.plugins=/plugins
2020-06-06 08:22:35.798+0000 INFO [o.n.i.d.DiagnosticsManager] dbms.connectors.default_listen_address=0.0.0.0
2020-06-06 08:22:35.798+0000 INFO [o.n.i.d.DiagnosticsManager] dbms.tx_log.rotation.retention_policy=100M size
2020-06-06 08:22:35.798+0000 INFO [o.n.i.d.DiagnosticsManager] dbms.memory.heap.max_size=1G
2020-06-06 08:22:35.798+0000 INFO [o.n.i.d.DiagnosticsManager] EDITION=community
2020-06-06 08:22:35.798+0000 INFO [o.n.i.d.DiagnosticsManager] HOME=/var/lib/neo4j
2020-06-06 08:22:35.798+0000 INFO [o.n.i.d.DiagnosticsManager] Diagnostics providers:
2020-06-06 08:22:35.798+0000 INFO [o.n.i.d.DiagnosticsManager] org.neo4j.kernel.configuration.Config
2020-06-06 08:22:35.798+0000 INFO [o.n.i.d.DiagnosticsManager] org.neo4j.internal.diagnostics.DiagnosticsManager
2020-06-06 08:22:35.798+0000 INFO [o.n.i.d.DiagnosticsManager] SYSTEM_MEMORY
2020-06-06 08:22:35.798+0000 INFO [o.n.i.d.DiagnosticsManager] JAVA_MEMORY
2020-06-06 08:22:35.798+0000 INFO [o.n.i.d.DiagnosticsManager] OPERATING_SYSTEM
2020-06-06 08:22:35.799+0000 INFO [o.n.i.d.DiagnosticsManager] JAVA_VIRTUAL_MACHINE
2020-06-06 08:22:35.799+0000 INFO [o.n.i.d.DiagnosticsManager] CLASSPATH
2020-06-06 08:22:35.799+0000 INFO [o.n.i.d.DiagnosticsManager] LIBRARY_PATH
2020-06-06 08:22:35.799+0000 INFO [o.n.i.d.DiagnosticsManager] SYSTEM_PROPERTIES
2020-06-06 08:22:35.799+0000 INFO [o.n.i.d.DiagnosticsManager] TIMEZONE_DATABASE
2020-06-06 08:22:35.799+0000 INFO [o.n.i.d.DiagnosticsManager] LINUX_SCHEDULERS
2020-06-06 08:22:35.799+0000 INFO [o.n.i.d.DiagnosticsManager] NETWORK
2020-06-06 08:22:35.799+0000 INFO [o.n.i.d.DiagnosticsManager] System memory information:
2020-06-06 08:22:35.807+0000 INFO [o.n.i.d.DiagnosticsManager] Total Physical memory: 3.36 GB
2020-06-06 08:22:35.807+0000 INFO [o.n.i.d.DiagnosticsManager] Free Physical memory: 906.97 MB
2020-06-06 08:22:35.807+0000 INFO [o.n.i.d.DiagnosticsManager] Committed virtual memory: 3.85 GB
2020-06-06 08:22:35.807+0000 INFO [o.n.i.d.DiagnosticsManager] Total swap space: 1024.00 MB
2020-06-06 08:22:35.807+0000 INFO [o.n.i.d.DiagnosticsManager] Free swap space: 1021.15 MB
2020-06-06 08:22:35.807+0000 INFO [o.n.i.d.DiagnosticsManager] JVM memory information:
2020-06-06 08:22:35.808+0000 INFO [o.n.i.d.DiagnosticsManager] Free  memory: 32.60 MB
2020-06-06 08:22:35.808+0000 INFO [o.n.i.d.DiagnosticsManager] Total memory: 54.00 MB
2020-06-06 08:22:35.808+0000 INFO [o.n.i.d.DiagnosticsManager] Max   memory: 1.00 GB
2020-06-06 08:22:35.811+0000 INFO [o.n.i.d.DiagnosticsManager] Garbage Collector: G1 Young Generation: [G1 Eden Space, G1 Survivor Space, G1 Old Gen]
2020-06-06 08:22:35.811+0000 INFO [o.n.i.d.DiagnosticsManager] Garbage Collector: G1 Old Generation: [G1 Eden Space, G1 Survivor Space, G1 Old Gen]
2020-06-06 08:22:35.812+0000 INFO [o.n.i.d.DiagnosticsManager] Memory Pool: Code Cache (Non-heap memory): committed=6.38 MB, used=6.32 MB, max=240.00 MB, threshold=0.00 B
2020-06-06 08:22:35.812+0000 INFO [o.n.i.d.DiagnosticsManager] Memory Pool: Metaspace (Non-heap memory): committed=20.88 MB, used=19.89 MB, max=-1.00 B, threshold=0.00 B
2020-06-06 08:22:35.813+0000 INFO [o.n.i.d.DiagnosticsManager] Memory Pool: Compressed Class Space (Non-heap memory): committed=2.63 MB, used=2.36 MB, max=1.00 GB, threshold=0.00 B
2020-06-06 08:22:35.813+0000 INFO [o.n.i.d.DiagnosticsManager] Memory Pool: G1 Eden Space (Heap memory): committed=2.00 MB, used=0.00 B, max=-1.00 B, threshold=?
2020-06-06 08:22:35.813+0000 INFO [o.n.i.d.DiagnosticsManager] Memory Pool: G1 Survivor Space (Heap memory): committed=1.00 MB, used=1.00 MB, max=-1.00 B, threshold=?
2020-06-06 08:22:35.813+0000 INFO [o.n.i.d.DiagnosticsManager] Memory Pool: G1 Old Gen (Heap memory): committed=51.00 MB, used=19.74 MB, max=1.00 GB, threshold=0.00 B
2020-06-06 08:22:35.813+0000 INFO [o.n.i.d.DiagnosticsManager] Operating system information:
2020-06-06 08:22:35.814+0000 INFO [o.n.i.d.DiagnosticsManager] Operating System: Linux; version: 4.19.76-linuxkit; arch: amd64; cpus: 4
2020-06-06 08:22:35.814+0000 INFO [o.n.i.d.DiagnosticsManager] Max number of file descriptors: 1048576
2020-06-06 08:22:35.814+0000 INFO [o.n.i.d.DiagnosticsManager] Number of open file descriptors: 136
2020-06-06 08:22:35.817+0000 INFO [o.n.i.d.DiagnosticsManager] Process id: 7@ba23cff582d3
2020-06-06 08:22:35.817+0000 INFO [o.n.i.d.DiagnosticsManager] Byte order: LITTLE_ENDIAN
2020-06-06 08:22:35.825+0000 INFO [o.n.i.d.DiagnosticsManager] Local timezone: Etc/UTC
2020-06-06 08:22:35.825+0000 INFO [o.n.i.d.DiagnosticsManager] JVM information:
2020-06-06 08:22:35.825+0000 INFO [o.n.i.d.DiagnosticsManager] VM Name: OpenJDK 64-Bit Server VM
2020-06-06 08:22:35.825+0000 INFO [o.n.i.d.DiagnosticsManager] VM Vendor: Oracle Corporation
2020-06-06 08:22:35.826+0000 INFO [o.n.i.d.DiagnosticsManager] VM Version: 25.252-b09
2020-06-06 08:22:35.826+0000 INFO [o.n.i.d.DiagnosticsManager] JIT compiler: HotSpot 64-Bit Tiered Compilers
2020-06-06 08:22:35.827+0000 INFO [o.n.i.d.DiagnosticsManager] VM Arguments: [-Xmx1G, -XX:+UseG1GC, -XX:-OmitStackTraceInFastThrow, -XX:+AlwaysPreTouch, -XX:+UnlockExperimentalVMOptions, -XX:+TrustFinalNonStaticFields, -XX:+DisableExplicitGC, -Djdk.tls.ephemeralDHKeySize=2048, -Djdk.tls.rejectClientInitiatedRenegotiation=true, -Dunsupported.dbms.udc.source=docker, -Dfile.encoding=UTF-8]
2020-06-06 08:22:35.827+0000 INFO [o.n.i.d.DiagnosticsManager] Java classpath:
2020-06-06 08:22:35.842+0000 INFO [o.n.i.d.DiagnosticsManager]  [classpath + loader.0] file:/var/lib/neo4j/lib/neo4j-server-3.5.18.jar
2020-06-06 08:22:35.842+0000 INFO [o.n.i.d.DiagnosticsManager]  [classpath + loader.0] file:/var/lib/neo4j/lib/neo4j-common-3.5.18.jar
2020-06-06 08:22:35.842+0000 INFO [o.n.i.d.DiagnosticsManager]  [classpath + loader.0] file:/var/lib/neo4j/lib/neo4j-cypher-expression-3.4-3.4.18.jar
2020-06-06 08:22:35.842+0000 INFO [o.n.i.d.DiagnosticsManager]  [classpath + loader.0] file:/var/lib/neo4j/lib/jackson-databind-2.10.2.jar
2020-06-06 08:22:35.842+0000 INFO [o.n.i.d.DiagnosticsManager]  [classpath + loader.0] file:/var/lib/neo4j/lib/jackson-jaxrs-base-2.10.2.jar
2020-06-06 08:22:35.842+0000 INFO [o.n.i.d.DiagnosticsManager]  [classpath + loader.0] file:/var/lib/neo4j/lib/neo4j-data-collector-3.5.18.jar
2020-06-06 08:22:35.842+0000 INFO [o.n.i.d.DiagnosticsManager]  [classpath + loader.0] file:/var/lib/neo4j/lib/neo4j-procedure-api-3.5.18.jar
2020-06-06 08:22:35.843+0000 INFO [o.n.i.d.DiagnosticsManager]  [classpath + loader.0] file:/var/lib/neo4j/lib/neo4j-cypher-logical-plans-3.4-3.4.18.jar
2020-06-06 08:22:35.843+0000 INFO [o.n.i.d.DiagnosticsManager]  [classpath + loader.0] file:/var/lib/neo4j/lib/openCypher-frontend-1-3.4.18.jar
2020-06-06 08:22:35.843+0000 INFO [o.n.i.d.DiagnosticsManager]  [classpath + loader.0] file:/var/lib/neo4j/lib/neo4j-ssl-3.5.18.jar
2020-06-06 08:22:35.843+0000 INFO [o.n.i.d.DiagnosticsManager]  [classpath + loader.0] file:/var/lib/neo4j/lib/jetty-http-9.4.17.v20190418.jar
2020-06-06 08:22:35.843+0000 INFO [o.n.i.d.DiagnosticsManager]  [loader.1] file:/usr/local/openjdk-8/lib/ext/zipfs.jar
2020-06-06 08:22:35.843+0000 INFO [o.n.i.d.DiagnosticsManager]  [classpath + loader.0] file:/var/lib/neo4j/lib/neo4j-consistency-check-3.5.18.jar
2020-06-06 08:22:35.843+0000 INFO [o.n.i.d.DiagnosticsManager]  [classpath + loader.0] file:/var/lib/neo4j/lib/neo4j-kernel-api-3.5.18.jar
2020-06-06 08:22:35.843+0000 INFO [o.n.i.d.DiagnosticsManager]  [classpath + loader.0] file:/var/lib/neo4j/lib/concurrentlinkedhashmap-lru-1.4.2.jar
2020-06-06 08:22:35.843+0000 INFO [o.n.i.d.DiagnosticsManager]  [classpath + loader.0] file:/var/lib/neo4j/lib/jackson-core-2.10.2.jar
2020-06-06 08:22:35.843+0000 INFO [o.n.i.d.DiagnosticsManager]  [classpath + loader.0] file:/var/lib/neo4j/lib/jPowerShell-1.9.jar
2020-06-06 08:22:35.843+0000 INFO [o.n.i.d.DiagnosticsManager]  [classpath + loader.0] file:/var/lib/neo4j/lib/neo4j-io-3.5.18.jar
2020-06-06 08:22:35.843+0000 INFO [o.n.i.d.DiagnosticsManager]  [loader.1] file:/usr/local/openjdk-8/lib/ext/sunec.jar
2020-06-06 08:22:35.843+0000 INFO [o.n.i.d.DiagnosticsManager]  [classpath + loader.0] file:/var/lib/neo4j/lib/neo4j-annotation-processors-3.5.18.jar
2020-06-06 08:22:35.843+0000 INFO [o.n.i.d.DiagnosticsManager]  [classpath + loader.0] file:/var/lib/neo4j/lib/neo4j-cypher-ir-3.4-3.4.18.jar
2020-06-06 08:22:35.843+0000 INFO [o.n.i.d.DiagnosticsManager]  [classpath + loader.0] file:/plugins/*
2020-06-06 08:22:35.843+0000 INFO [o.n.i.d.DiagnosticsManager]  [classpath + loader.0] file:/var/lib/neo4j/lib/jakarta.activation-api-1.2.1.jar
2020-06-06 08:22:35.844+0000 INFO [o.n.i.d.DiagnosticsManager]  [loader.1] file:/usr/local/openjdk-8/lib/ext/sunjce_provider.jar
2020-06-06 08:22:35.844+0000 INFO [o.n.i.d.DiagnosticsManager]  [classpath + loader.0] file:/var/lib/neo4j/lib/jetty-io-9.4.17.v20190418.jar
2020-06-06 08:22:35.844+0000 INFO [o.n.i.d.DiagnosticsManager]  [classpath + loader.0] file:/var/lib/neo4j/lib/jersey-server-1.19.3.jar
2020-06-06 08:22:35.844+0000 INFO [o.n.i.d.DiagnosticsManager]  [classpath + loader.0] file:/var/lib/neo4j/lib/neo4j-cypher-expression-evaluator-3.5.18.jar
2020-06-06 08:22:35.844+0000 INFO [o.n.i.d.DiagnosticsManager]  [classpath + loader.0] file:/var/lib/neo4j/lib/bcpkix-jdk15on-1.64.jar
2020-06-06 08:22:35.844+0000 INFO [o.n.i.d.DiagnosticsManager]  [classpath + loader.0] file:/var/lib/neo4j/lib/neo4j-legacy-3.5.18.jar
2020-06-06 08:22:35.844+0000 INFO [o.n.i.d.DiagnosticsManager]  [classpath + loader.0] file:/var/lib/neo4j/lib/commons-io-2.6.jar
2020-06-06 08:22:35.844+0000 INFO [o.n.i.d.DiagnosticsManager]  [classpath + loader.0] file:/var/lib/neo4j/lib/neo4j-import-tool-3.5.18.jar
2020-06-06 08:22:35.844+0000 INFO [o.n.i.d.DiagnosticsManager]  [classpath + loader.0] file:/var/lib/neo4j/lib/neo4j-concurrent-3.5.18.jar
2020-06-06 08:22:35.844+0000 INFO [o.n.i.d.DiagnosticsManager]  [loader.1] file:/usr/local/openjdk-8/lib/ext/dnsns.jar
2020-06-06 08:22:35.844+0000 INFO [o.n.i.d.DiagnosticsManager]  [classpath + loader.0] file:/var/lib/neo4j/lib/jersey-core-1.19.3.jar
2020-06-06 08:22:35.844+0000 INFO [o.n.i.d.DiagnosticsManager]  [classpath + loader.0] file:/var/lib/neo4j/lib/neo4j-expressions-3.5-3.5.18.jar
2020-06-06 08:22:35.844+0000 INFO [o.n.i.d.DiagnosticsManager]  [classpath + loader.0] file:/var/lib/neo4j/lib/neo4j-fulltext-index-3.5.18.jar
2020-06-06 08:22:35.844+0000 INFO [o.n.i.d.DiagnosticsManager]  [classpath + loader.0] file:/var/lib/neo4j/lib/jetty-webapp-9.4.17.v20190418.jar
2020-06-06 08:22:35.844+0000 INFO [o.n.i.d.DiagnosticsManager]  [classpath + loader.0] file:/var/lib/neo4j/lib/jetty-xml-9.4.17.v20190418.jar
2020-06-06 08:22:35.844+0000 INFO [o.n.i.d.DiagnosticsManager]  [classpath + loader.0] file:/var/lib/neo4j/lib/commons-configuration-1.10.jar
2020-06-06 08:22:35.844+0000 INFO [o.n.i.d.DiagnosticsManager]  [loader.1] file:/usr/local/openjdk-8/lib/ext/cldrdata.jar
2020-06-06 08:22:35.844+0000 INFO [o.n.i.d.DiagnosticsManager]  [bootstrap] /usr/local/openjdk-8/lib/charsets.jar
2020-06-06 08:22:35.844+0000 INFO [o.n.i.d.DiagnosticsManager]  [classpath + loader.0] file:/var/lib/neo4j/lib/neo4j-dbms-3.5.18.jar
2020-06-06 08:22:35.845+0000 INFO [o.n.i.d.DiagnosticsManager]  [classpath + loader.0] file:/var/lib/neo4j/lib/jersey-servlet-1.19.3.jar
2020-06-06 08:22:35.845+0000 INFO [o.n.i.d.DiagnosticsManager]  [classpath + loader.0] file:/var/lib/neo4j/lib/neo4j-graph-algo-3.5.18.jar
2020-06-06 08:22:35.845+0000 INFO [o.n.i.d.DiagnosticsManager]  [classpath + loader.0] file:/var/lib/neo4j/lib/neo4j-codegen-3.5.18.jar
2020-06-06 08:22:35.845+0000 INFO [o.n.i.d.DiagnosticsManager]  [classpath + loader.0] file:/var/lib/neo4j/lib/neo4j-cypher-ir-3.5-3.5.18.jar
2020-06-06 08:22:35.845+0000 INFO [o.n.i.d.DiagnosticsManager]  [classpath + loader.0] file:/var/lib/neo4j/lib/netty-all-4.1.48.Final.jar
2020-06-06 08:22:35.845+0000 INFO [o.n.i.d.DiagnosticsManager]  [classpath + loader.0] file:/var/lib/neo4j/lib/txw2-2.3.2.jar
2020-06-06 08:22:35.845+0000 INFO [o.n.i.d.DiagnosticsManager]  [bootstrap] /usr/local/openjdk-8/lib/resources.jar
2020-06-06 08:22:35.845+0000 INFO [o.n.i.d.DiagnosticsManager]  [classpath + loader.0] file:/var/lib/neo4j/lib/scala-library-2.11.12.jar
2020-06-06 08:22:35.845+0000 INFO [o.n.i.d.DiagnosticsManager]  [classpath + loader.0] file:/var/lib/neo4j/lib/neo4j-cypher-logical-plans-3.5-3.5.18.jar
2020-06-06 08:22:35.845+0000 INFO [o.n.i.d.DiagnosticsManager]  [bootstrap] /usr/local/openjdk-8/lib/jsse.jar
2020-06-06 08:22:35.845+0000 INFO [o.n.i.d.DiagnosticsManager]  [classpath + loader.0] file:/var/lib/neo4j/lib/neo4j-lucene-index-3.5.18.jar
2020-06-06 08:22:35.845+0000 INFO [o.n.i.d.DiagnosticsManager]  [loader.1] file:/usr/local/openjdk-8/lib/ext/localedata.jar
2020-06-06 08:22:35.845+0000 INFO [o.n.i.d.DiagnosticsManager]  [classpath + loader.0] file:/var/lib/neo4j/lib/jetty-server-9.4.17.v20190418.jar
2020-06-06 08:22:35.845+0000 INFO [o.n.i.d.DiagnosticsManager]  [classpath + loader.0] file:/var/lib/neo4j/lib/jackson-jaxrs-json-provider-2.10.2.jar
2020-06-06 08:22:35.845+0000 INFO [o.n.i.d.DiagnosticsManager]  [classpath + loader.0] file:/var/lib/neo4j/lib/neo4j-cypher-3.5.18.jar
2020-06-06 08:22:35.845+0000 INFO [o.n.i.d.DiagnosticsManager]  [classpath + loader.0] file:/var/lib/neo4j/lib/neo4j-cypher-planner-spi-3.5-3.5.18.jar
2020-06-06 08:22:35.846+0000 INFO [o.n.i.d.DiagnosticsManager]  [classpath + loader.0] file:/var/lib/neo4j/lib/neo4j-collections-3.5.18.jar
2020-06-06 08:22:35.846+0000 INFO [o.n.i.d.DiagnosticsManager]  [classpath + loader.0] file:/var/lib/neo4j/lib/server-api-3.5.18.jar
2020-06-06 08:22:35.846+0000 INFO [o.n.i.d.DiagnosticsManager]  [classpath + loader.0] file:/var/lib/neo4j/lib/neo4j-push-to-cloud-3.5.18.jar
2020-06-06 08:22:35.846+0000 INFO [o.n.i.d.DiagnosticsManager]  [classpath + loader.0] file:/var/lib/neo4j/lib/javax.servlet-api-3.1.0.jar
2020-06-06 08:22:35.846+0000 INFO [o.n.i.d.DiagnosticsManager]  [bootstrap] /usr/local/openjdk-8/lib/sunrsasign.jar
2020-06-06 08:22:35.846+0000 INFO [o.n.i.d.DiagnosticsManager]  [classpath + loader.0] file:/var/lib/neo4j/lib/neo4j-rewriting-3.5-3.5.18.jar
2020-06-06 08:22:35.846+0000 INFO [o.n.i.d.DiagnosticsManager]  [classpath + loader.0] file:/var/lib/neo4j/lib/jProcesses-1.6.4.jar
2020-06-06 08:22:35.846+0000 INFO [o.n.i.d.DiagnosticsManager]  [classpath + loader.0] file:/var/lib/neo4j/lib/neo4j-cypher-compiler-2.3-2.3.12.jar
2020-06-06 08:22:35.846+0000 INFO [o.n.i.d.DiagnosticsManager]  [classpath + loader.0] file:/var/lib/neo4j/lib/istack-commons-runtime-3.0.8.jar
2020-06-06 08:22:35.846+0000 INFO [o.n.i.d.DiagnosticsManager]  [loader.1] file:/usr/local/openjdk-8/lib/ext/sunpkcs11.jar
2020-06-06 08:22:35.846+0000 INFO [o.n.i.d.DiagnosticsManager]  [classpath + loader.0] file:/var/lib/neo4j/lib/scala-reflect-2.11.12.jar
2020-06-06 08:22:35.846+0000 INFO [o.n.i.d.DiagnosticsManager]  [classpath + loader.0] file:/var/lib/neo4j/lib/neo4j-bolt-3.5.18.jar
2020-06-06 08:22:35.846+0000 INFO [o.n.i.d.DiagnosticsManager]  [classpath + loader.0] file:/var/lib/neo4j/lib/neo4j-csv-3.5.18.jar
2020-06-06 08:22:35.847+0000 INFO [o.n.i.d.DiagnosticsManager]  [classpath + loader.0] file:/var/lib/neo4j/lib/commons-lang-2.6.jar
2020-06-06 08:22:35.847+0000 INFO [o.n.i.d.DiagnosticsManager]  [classpath + loader.0] file:/var/lib/neo4j/lib/lucene-core-5.5.5.jar
2020-06-06 08:22:35.847+0000 INFO [o.n.i.d.DiagnosticsManager]  [classpath + loader.0] file:/var/lib/neo4j/lib/lucene-codecs-5.5.5.jar
2020-06-06 08:22:35.847+0000 INFO [o.n.i.d.DiagnosticsManager]  [classpath + loader.0] file:/var/lib/neo4j/lib/neo4j-security-3.5.18.jar
2020-06-06 08:22:35.847+0000 INFO [o.n.i.d.DiagnosticsManager]  [classpath + loader.0] file:/var/lib/neo4j/lib/neo4j-cypher-runtime-util-3.5.18.jar
2020-06-06 08:22:35.847+0000 INFO [o.n.i.d.DiagnosticsManager]  [bootstrap] /usr/local/openjdk-8/lib/rt.jar
2020-06-06 08:22:35.847+0000 INFO [o.n.i.d.DiagnosticsManager]  [classpath + loader.0] file:/var/lib/neo4j/lib/activation-1.1.1.jar
2020-06-06 08:22:35.847+0000 INFO [o.n.i.d.DiagnosticsManager]  [classpath + loader.0] file:/var/lib/neo4j/lib/stax-ex-1.8.1.jar
2020-06-06 08:22:35.847+0000 INFO [o.n.i.d.DiagnosticsManager]  [classpath + loader.0] file:/var/lib/neo4j/lib/neo4j-udc-3.5.18.jar
2020-06-06 08:22:35.847+0000 INFO [o.n.i.d.DiagnosticsManager]  [classpath + loader.0] file:/var/lib/neo4j/lib/neo4j-cypher-compiler-3.1-3.1.9.jar
2020-06-06 08:22:35.847+0000 INFO [o.n.i.d.DiagnosticsManager]  [classpath + loader.0] file:/var/lib/neo4j/lib/neo4j-3.5.18.jar
2020-06-06 08:22:35.847+0000 INFO [o.n.i.d.DiagnosticsManager]  [classpath + loader.0] file:/var/lib/neo4j/lib/eclipse-collections-9.2.0.jar
2020-06-06 08:22:35.847+0000 INFO [o.n.i.d.DiagnosticsManager]  [classpath + loader.0] file:/var/lib/neo4j/lib/commons-compress-1.19.jar
2020-06-06 08:22:35.847+0000 INFO [o.n.i.d.DiagnosticsManager]  [classpath + loader.0] file:/var/lib/neo4j/lib/bcprov-jdk15on-1.64.jar
2020-06-06 08:22:35.847+0000 INFO [o.n.i.d.DiagnosticsManager]  [classpath + loader.0] file:/var/lib/neo4j/lib/commons-lang3-3.8.jar
2020-06-06 08:22:35.847+0000 INFO [o.n.i.d.DiagnosticsManager]  [classpath + loader.0] file:/var/lib/neo4j/lib/neo4j-cypher-interpreted-runtime-3.5.18.jar
2020-06-06 08:22:35.847+0000 INFO [o.n.i.d.DiagnosticsManager]  [classpath + loader.0] file:/var/lib/neo4j/lib/jackson-module-jaxb-annotations-2.10.2.jar
2020-06-06 08:22:35.847+0000 INFO [o.n.i.d.DiagnosticsManager]  [classpath + loader.0] file:/var/lib/neo4j/conf/
2020-06-06 08:22:35.847+0000 INFO [o.n.i.d.DiagnosticsManager]  [classpath + loader.0] file:/var/lib/neo4j/lib/jetty-util-9.4.17.v20190418.jar
2020-06-06 08:22:35.848+0000 INFO [o.n.i.d.DiagnosticsManager]  [classpath + loader.0] file:/var/lib/neo4j/lib/jaxb-runtime-2.3.2.jar
2020-06-06 08:22:35.848+0000 INFO [o.n.i.d.DiagnosticsManager]  [classpath + loader.0] file:/var/lib/neo4j/lib/neo4j-command-line-3.5.18.jar
2020-06-06 08:22:35.848+0000 INFO [o.n.i.d.DiagnosticsManager]  [classpath + loader.0] file:/var/lib/neo4j/lib/jaxb-api-2.3.0.jar
2020-06-06 08:22:35.848+0000 INFO [o.n.i.d.DiagnosticsManager]  [classpath + loader.0] file:/var/lib/neo4j/lib/neo4j-browser-4.0.8.jar
2020-06-06 08:22:35.848+0000 INFO [o.n.i.d.DiagnosticsManager]  [classpath + loader.0] file:/var/lib/neo4j/lib/neo4j-diagnostics-3.5.18.jar
2020-06-06 08:22:35.848+0000 INFO [o.n.i.d.DiagnosticsManager]  [classpath + loader.0] file:/var/lib/neo4j/lib/neo4j-graphdb-api-3.5.18.jar
2020-06-06 08:22:35.848+0000 INFO [o.n.i.d.DiagnosticsManager]  [classpath + loader.0] file:/var/lib/neo4j/lib/neo4j-front-end-3.5-3.5.18.jar
2020-06-06 08:22:35.848+0000 INFO [o.n.i.d.DiagnosticsManager]  [classpath + loader.0] file:/var/lib/neo4j/lib/neo4j-cypher-planner-3.4-3.4.18.jar
2020-06-06 08:22:35.848+0000 INFO [o.n.i.d.DiagnosticsManager]  [classpath + loader.0] file:/var/lib/neo4j/lib/opencsv-2.3.jar
2020-06-06 08:22:35.848+0000 INFO [o.n.i.d.DiagnosticsManager]  [classpath + loader.0] file:/var/lib/neo4j/lib/parboiled-scala_2.11-1.1.7.jar
2020-06-06 08:22:35.848+0000 INFO [o.n.i.d.DiagnosticsManager]  [classpath + loader.0] file:/var/lib/neo4j/lib/neo4j-values-3.5.18.jar
2020-06-06 08:22:35.848+0000 INFO [o.n.i.d.DiagnosticsManager]  [classpath + loader.0] file:/var/lib/neo4j/lib/neo4j-cypher-planner-spi-3.4-3.4.18.jar
2020-06-06 08:22:35.848+0000 INFO [o.n.i.d.DiagnosticsManager]  [classpath + loader.0] file:/var/lib/neo4j/lib/neo4j-resource-3.5.18.jar
2020-06-06 08:22:35.848+0000 INFO [o.n.i.d.DiagnosticsManager]  [bootstrap] /usr/local/openjdk-8/classes
2020-06-06 08:22:35.848+0000 INFO [o.n.i.d.DiagnosticsManager]  [classpath + loader.0] file:/var/lib/neo4j/lib/jetty-servlet-9.4.17.v20190418.jar
2020-06-06 08:22:35.848+0000 INFO [o.n.i.d.DiagnosticsManager]  [classpath + loader.0] file:/var/lib/neo4j/lib/neo4j-util-3.5-3.5.18.jar
2020-06-06 08:22:35.848+0000 INFO [o.n.i.d.DiagnosticsManager]  [classpath + loader.0] file:/var/lib/neo4j/lib/eclipse-collections-api-9.2.0.jar
2020-06-06 08:22:35.848+0000 INFO [o.n.i.d.DiagnosticsManager]  [classpath + loader.0] file:/var/lib/neo4j/lib/neo4j-ast-3.5-3.5.18.jar
2020-06-06 08:22:35.849+0000 INFO [o.n.i.d.DiagnosticsManager]  [classpath + loader.0] file:/var/lib/neo4j/lib/neo4j-index-3.5.18.jar
2020-06-06 08:22:35.849+0000 INFO [o.n.i.d.DiagnosticsManager]  [classpath + loader.0] file:/var/lib/neo4j/lib/neo4j-spatial-index-3.5.18.jar
2020-06-06 08:22:35.849+0000 INFO [o.n.i.d.DiagnosticsManager]  [classpath + loader.0] file:/var/lib/neo4j/lib/FastInfoset-1.2.16.jar
2020-06-06 08:22:35.849+0000 INFO [o.n.i.d.DiagnosticsManager]  [bootstrap] /usr/local/openjdk-8/lib/jfr.jar
2020-06-06 08:22:35.849+0000 INFO [o.n.i.d.DiagnosticsManager]  [classpath + loader.0] file:/var/lib/neo4j/lib/caffeine-2.6.2.jar
2020-06-06 08:22:35.849+0000 INFO [o.n.i.d.DiagnosticsManager]  [classpath + loader.0] file:/var/lib/neo4j/lib/lucene-queryparser-5.5.5.jar
2020-06-06 08:22:35.849+0000 INFO [o.n.i.d.DiagnosticsManager]  [classpath + loader.0] file:/var/lib/neo4j/lib/neo4j-configuration-3.5.18.jar
2020-06-06 08:22:35.849+0000 INFO [o.n.i.d.DiagnosticsManager]  [loader.1] file:/usr/local/openjdk-8/lib/ext/nashorn.jar
2020-06-06 08:22:35.849+0000 INFO [o.n.i.d.DiagnosticsManager]  [classpath + loader.0] file:/var/lib/neo4j/lib/neo4j-cypher-planner-3.5-3.5.18.jar
2020-06-06 08:22:35.849+0000 INFO [o.n.i.d.DiagnosticsManager]  [classpath + loader.0] file:/var/lib/neo4j/lib/neo4j-parser-3.5-3.5.18.jar
2020-06-06 08:22:35.849+0000 INFO [o.n.i.d.DiagnosticsManager]  [bootstrap] /usr/local/openjdk-8/lib/jce.jar
2020-06-06 08:22:35.849+0000 INFO [o.n.i.d.DiagnosticsManager]  [classpath + loader.0] file:/var/lib/neo4j/lib/neo4j-cypher-frontend-3.1-3.1.9.jar
2020-06-06 08:22:35.849+0000 INFO [o.n.i.d.DiagnosticsManager]  [classpath + loader.0] file:/var/lib/neo4j/lib/WMI4Java-1.6.1.jar
2020-06-06 08:22:35.849+0000 INFO [o.n.i.d.DiagnosticsManager]  [classpath + loader.0] file:/var/lib/neo4j/lib/neo4j-logging-3.5.18.jar
2020-06-06 08:22:35.849+0000 INFO [o.n.i.d.DiagnosticsManager]  [classpath + loader.0] file:/var/lib/neo4j/lib/jsr311-api-1.1.2.r612.jar
2020-06-06 08:22:35.849+0000 INFO [o.n.i.d.DiagnosticsManager]  [classpath + loader.0] file:/var/lib/neo4j/lib/neo4j-cypher-frontend-2.3-2.3.12.jar
2020-06-06 08:22:35.849+0000 INFO [o.n.i.d.DiagnosticsManager]  [classpath + loader.0] file:/var/lib/neo4j/lib/neo4j-unsafe-3.5.18.jar
2020-06-06 08:22:35.849+0000 INFO [o.n.i.d.DiagnosticsManager]  [classpath + loader.0] file:/plugins/
2020-06-06 08:22:35.849+0000 INFO [o.n.i.d.DiagnosticsManager]  [classpath + loader.0] file:/var/lib/neo4j/lib/lucene-analyzers-common-5.5.5.jar
2020-06-06 08:22:35.849+0000 INFO [o.n.i.d.DiagnosticsManager]  [classpath + loader.0] file:/var/lib/neo4j/lib/zstd-proxy-3.5.18.jar
2020-06-06 08:22:35.850+0000 INFO [o.n.i.d.DiagnosticsManager]  [classpath + loader.0] file:/var/lib/neo4j/lib/neo4j-cypher-util-3.4-3.4.18.jar
2020-06-06 08:22:35.850+0000 INFO [o.n.i.d.DiagnosticsManager]  [classpath + loader.0] file:/var/lib/neo4j/lib/zstd-jni-1.3.8-6.jar
2020-06-06 08:22:35.850+0000 INFO [o.n.i.d.DiagnosticsManager]  [classpath + loader.0] file:/var/lib/neo4j/lib/neo4j-kernel-3.5.18.jar
2020-06-06 08:22:35.850+0000 INFO [o.n.i.d.DiagnosticsManager]  [classpath + loader.0] file:/var/lib/neo4j/lib/neo4j-lucene-upgrade-3.5.18.jar
2020-06-06 08:22:35.850+0000 INFO [o.n.i.d.DiagnosticsManager]  [classpath + loader.0] file:/var/lib/neo4j/lib/jakarta.xml.bind-api-2.3.2.jar
2020-06-06 08:22:35.850+0000 INFO [o.n.i.d.DiagnosticsManager]  [classpath + loader.0] file:/var/lib/neo4j/lib/commons-logging-1.1.1.jar
2020-06-06 08:22:35.850+0000 INFO [o.n.i.d.DiagnosticsManager]  [classpath + loader.0] file:/var/lib/neo4j/lib/commons-text-1.4.jar
2020-06-06 08:22:35.850+0000 INFO [o.n.i.d.DiagnosticsManager]  [loader.1] file:/usr/local/openjdk-8/lib/ext/jaccess.jar
2020-06-06 08:22:35.850+0000 INFO [o.n.i.d.DiagnosticsManager]  [classpath + loader.0] file:/var/lib/neo4j/lib/neo4j-graph-matching-3.1.9.jar
2020-06-06 08:22:35.850+0000 INFO [o.n.i.d.DiagnosticsManager]  [classpath + loader.0] file:/var/lib/neo4j/lib/parboiled-core-1.1.7.jar
2020-06-06 08:22:35.850+0000 INFO [o.n.i.d.DiagnosticsManager]  [classpath + loader.0] file:/var/lib/neo4j/lib/jackson-annotations-2.10.2.jar
2020-06-06 08:22:35.850+0000 INFO [o.n.i.d.DiagnosticsManager]  [classpath + loader.0] file:/var/lib/neo4j/lib/neo4j-jmx-3.5.18.jar
2020-06-06 08:22:35.850+0000 INFO [o.n.i.d.DiagnosticsManager]  [classpath + loader.0] file:/var/lib/neo4j/lib/jetty-security-9.4.17.v20190418.jar
2020-06-06 08:22:35.850+0000 INFO [o.n.i.d.DiagnosticsManager] Library path:
2020-06-06 08:22:35.851+0000 INFO [o.n.i.d.DiagnosticsManager] /usr/java/packages/lib/amd64
2020-06-06 08:22:35.851+0000 INFO [o.n.i.d.DiagnosticsManager] /usr/lib64
2020-06-06 08:22:35.851+0000 INFO [o.n.i.d.DiagnosticsManager] /lib64
2020-06-06 08:22:35.851+0000 INFO [o.n.i.d.DiagnosticsManager] /lib
2020-06-06 08:22:35.851+0000 INFO [o.n.i.d.DiagnosticsManager] /usr/lib
2020-06-06 08:22:35.851+0000 INFO [o.n.i.d.DiagnosticsManager] System.properties:
2020-06-06 08:22:35.852+0000 INFO [o.n.i.d.DiagnosticsManager] sun.boot.library.path = /usr/local/openjdk-8/lib/amd64
2020-06-06 08:22:35.852+0000 INFO [o.n.i.d.DiagnosticsManager] jdk.tls.rejectClientInitiatedRenegotiation = true
2020-06-06 08:22:35.852+0000 INFO [o.n.i.d.DiagnosticsManager] path.separator = :
2020-06-06 08:22:35.852+0000 INFO [o.n.i.d.DiagnosticsManager] file.encoding.pkg = sun.io
2020-06-06 08:22:35.852+0000 INFO [o.n.i.d.DiagnosticsManager] sun.java.launcher = SUN_STANDARD
2020-06-06 08:22:35.852+0000 INFO [o.n.i.d.DiagnosticsManager] sun.os.patch.level = unknown
2020-06-06 08:22:35.852+0000 INFO [o.n.i.d.DiagnosticsManager] user.dir = /var/lib/neo4j
2020-06-06 08:22:35.852+0000 INFO [o.n.i.d.DiagnosticsManager] sun.jnu.encoding = UTF-8
2020-06-06 08:22:35.852+0000 INFO [o.n.i.d.DiagnosticsManager] unsupported.dbms.udc.source = docker
2020-06-06 08:22:35.852+0000 INFO [o.n.i.d.DiagnosticsManager] sun.management.compiler = HotSpot 64-Bit Tiered Compilers
2020-06-06 08:22:35.852+0000 INFO [o.n.i.d.DiagnosticsManager] user.home = /var/lib/neo4j
2020-06-06 08:22:35.852+0000 INFO [o.n.i.d.DiagnosticsManager] user.timezone = Etc/UTC
2020-06-06 08:22:35.852+0000 INFO [o.n.i.d.DiagnosticsManager] file.encoding = UTF-8
2020-06-06 08:22:35.852+0000 INFO [o.n.i.d.DiagnosticsManager] user.name = neo4j
2020-06-06 08:22:35.852+0000 INFO [o.n.i.d.DiagnosticsManager] sun.java.command = org.neo4j.server.CommunityEntryPoint --home-dir=/var/lib/neo4j --config-dir=/var/lib/neo4j/conf
2020-06-06 08:22:35.852+0000 INFO [o.n.i.d.DiagnosticsManager] sun.arch.data.model = 64
2020-06-06 08:22:35.852+0000 INFO [o.n.i.d.DiagnosticsManager] user.language = en
2020-06-06 08:22:35.852+0000 INFO [o.n.i.d.DiagnosticsManager] awt.toolkit = sun.awt.X11.XToolkit
2020-06-06 08:22:35.853+0000 INFO [o.n.i.d.DiagnosticsManager] jdk.tls.ephemeralDHKeySize = 2048
2020-06-06 08:22:35.853+0000 INFO [o.n.i.d.DiagnosticsManager] file.separator = /
2020-06-06 08:22:35.853+0000 INFO [o.n.i.d.DiagnosticsManager] sun.io.unicode.encoding = UnicodeLittle
2020-06-06 08:22:35.853+0000 INFO [o.n.i.d.DiagnosticsManager] sun.cpu.endian = little
2020-06-06 08:22:35.853+0000 INFO [o.n.i.d.DiagnosticsManager] sun.cpu.isalist = 
2020-06-06 08:22:35.853+0000 INFO [o.n.i.d.DiagnosticsManager] (IANA) TimeZone Database Version:
2020-06-06 08:22:35.888+0000 INFO [o.n.i.d.DiagnosticsManager]   TimeZone version: 2019c (available for 600 zone identifiers)
2020-06-06 08:22:35.889+0000 INFO [o.n.i.d.DiagnosticsManager] Linux scheduler information:
2020-06-06 08:22:35.901+0000 INFO [o.n.i.d.DiagnosticsManager] [mq-deadline] kyber none
2020-06-06 08:22:35.901+0000 INFO [o.n.i.d.DiagnosticsManager] none
2020-06-06 08:22:35.902+0000 INFO [o.n.i.d.DiagnosticsManager] [mq-deadline] kyber none
2020-06-06 08:22:35.902+0000 INFO [o.n.i.d.DiagnosticsManager] [mq-deadline] kyber none
2020-06-06 08:22:35.902+0000 INFO [o.n.i.d.DiagnosticsManager] none
2020-06-06 08:22:35.902+0000 INFO [o.n.i.d.DiagnosticsManager] [mq-deadline] kyber none
2020-06-06 08:22:35.902+0000 INFO [o.n.i.d.DiagnosticsManager] [mq-deadline] kyber none
2020-06-06 08:22:35.903+0000 INFO [o.n.i.d.DiagnosticsManager] none
2020-06-06 08:22:35.903+0000 INFO [o.n.i.d.DiagnosticsManager] [mq-deadline] kyber none
2020-06-06 08:22:35.903+0000 INFO [o.n.i.d.DiagnosticsManager] [mq-deadline] kyber none
2020-06-06 08:22:35.904+0000 INFO [o.n.i.d.DiagnosticsManager] none
2020-06-06 08:22:35.904+0000 INFO [o.n.i.d.DiagnosticsManager] none
2020-06-06 08:22:35.904+0000 INFO [o.n.i.d.DiagnosticsManager] [mq-deadline] kyber none
2020-06-06 08:22:35.904+0000 INFO [o.n.i.d.DiagnosticsManager] noop [deadline] cfq 
2020-06-06 08:22:35.904+0000 INFO [o.n.i.d.DiagnosticsManager] [mq-deadline] kyber none
2020-06-06 08:22:35.904+0000 INFO [o.n.i.d.DiagnosticsManager] none
2020-06-06 08:22:35.905+0000 INFO [o.n.i.d.DiagnosticsManager] none
2020-06-06 08:22:35.905+0000 INFO [o.n.i.d.DiagnosticsManager] [mq-deadline] kyber none
2020-06-06 08:22:35.905+0000 INFO [o.n.i.d.DiagnosticsManager] noop [deadline] cfq 
2020-06-06 08:22:35.905+0000 INFO [o.n.i.d.DiagnosticsManager] [mq-deadline] kyber none
2020-06-06 08:22:35.905+0000 INFO [o.n.i.d.DiagnosticsManager] none
2020-06-06 08:22:35.905+0000 INFO [o.n.i.d.DiagnosticsManager] none
2020-06-06 08:22:35.906+0000 INFO [o.n.i.d.DiagnosticsManager] [mq-deadline] kyber none
2020-06-06 08:22:35.906+0000 INFO [o.n.i.d.DiagnosticsManager] [mq-deadline] kyber none
2020-06-06 08:22:35.906+0000 INFO [o.n.i.d.DiagnosticsManager] none
2020-06-06 08:22:35.906+0000 INFO [o.n.i.d.DiagnosticsManager] [mq-deadline] kyber none
2020-06-06 08:22:35.906+0000 INFO [o.n.i.d.DiagnosticsManager] [mq-deadline] kyber none
2020-06-06 08:22:35.907+0000 INFO [o.n.i.d.DiagnosticsManager] [mq-deadline] kyber none
2020-06-06 08:22:35.907+0000 INFO [o.n.i.d.DiagnosticsManager] [mq-deadline] kyber none
2020-06-06 08:22:35.907+0000 INFO [o.n.i.d.DiagnosticsManager] [mq-deadline] kyber none
2020-06-06 08:22:35.907+0000 INFO [o.n.i.d.DiagnosticsManager] none
2020-06-06 08:22:35.908+0000 INFO [o.n.i.d.DiagnosticsManager] none
2020-06-06 08:22:35.908+0000 INFO [o.n.i.d.DiagnosticsManager] [mq-deadline] kyber none
2020-06-06 08:22:35.908+0000 INFO [o.n.i.d.DiagnosticsManager] [mq-deadline] kyber none
2020-06-06 08:22:35.908+0000 INFO [o.n.i.d.DiagnosticsManager] [mq-deadline] kyber none
2020-06-06 08:22:35.909+0000 INFO [o.n.i.d.DiagnosticsManager] none
2020-06-06 08:22:35.909+0000 INFO [o.n.i.d.DiagnosticsManager] [mq-deadline] kyber none
2020-06-06 08:22:35.909+0000 INFO [o.n.i.d.DiagnosticsManager] none
2020-06-06 08:22:35.909+0000 INFO [o.n.i.d.DiagnosticsManager] [mq-deadline] kyber none
2020-06-06 08:22:35.909+0000 INFO [o.n.i.d.DiagnosticsManager] noop [deadline] cfq 
2020-06-06 08:22:35.910+0000 INFO [o.n.i.d.DiagnosticsManager] [mq-deadline] kyber none
2020-06-06 08:22:35.911+0000 INFO [o.n.i.d.DiagnosticsManager] none
2020-06-06 08:22:35.911+0000 INFO [o.n.i.d.DiagnosticsManager] none
2020-06-06 08:22:35.911+0000 INFO [o.n.i.d.DiagnosticsManager] [mq-deadline] kyber none
2020-06-06 08:22:35.911+0000 INFO [o.n.i.d.DiagnosticsManager] Network information:
2020-06-06 08:22:35.913+0000 INFO [o.n.i.d.DiagnosticsManager] Interface eth0:
2020-06-06 08:22:35.914+0000 INFO [o.n.i.d.DiagnosticsManager]     address: 172.26.0.3
2020-06-06 08:22:35.914+0000 INFO [o.n.i.d.DiagnosticsManager] Interface lo:
2020-06-06 08:22:35.914+0000 INFO [o.n.i.d.DiagnosticsManager]     address: 127.0.0.1
2020-06-06 08:22:35.914+0000 INFO [o.n.i.d.DiagnosticsManager] --- INITIALIZED diagnostics END ---
2020-06-06 08:22:36.262+0000 INFO [o.n.k.i.s.f.RecordFormatSelector] Selected RecordFormat:StandardV3_4[v0.A.9] record format from store /data/databases/graph.db
2020-06-06 08:22:36.324+0000 INFO [o.n.k.i.s.f.RecordFormatSelector] Selected RecordFormat:StandardV3_4[v0.A.9] record format from store /data/databases/graph.db
2020-06-06 08:22:36.325+0000 INFO [o.n.k.i.s.f.RecordFormatSelector] Format not configured. Selected format from the store: RecordFormat:StandardV3_4[v0.A.9]
2020-06-06 08:22:37.505+0000 INFO [o.n.k.NeoStoreDataSource] No commits found after last check point (which is at LogPosition{logVersion=0, byteOffset=16})
2020-06-06 08:22:37.571+0000 INFO [o.n.i.d.DiagnosticsManager] --- STARTED diagnostics for KernelDiagnostics:Versions START ---
2020-06-06 08:22:37.579+0000 INFO [o.n.i.d.DiagnosticsManager] Graph Database: community single StoreId{creationTime=1591377643554, randomId=7041449440520670694, storeVersion=16094931155187206, upgradeTime=1591377643554, upgradeId=1}
2020-06-06 08:22:37.581+0000 INFO [o.n.i.d.DiagnosticsManager] Kernel version: 3.5.18,8a3ad8ca48156d7991391709a60a42a9c0f8f230
2020-06-06 08:22:37.583+0000 INFO [o.n.i.d.DiagnosticsManager] --- STARTED diagnostics for KernelDiagnostics:Versions END ---
2020-06-06 08:22:37.588+0000 INFO [o.n.i.d.DiagnosticsManager] --- STARTED diagnostics for NEO_STORE_VERSIONS START ---
2020-06-06 08:22:37.589+0000 INFO [o.n.i.d.DiagnosticsManager] Store versions:
2020-06-06 08:22:37.591+0000 INFO [o.n.i.d.DiagnosticsManager]   ArrayPropertyStore v0.A.9
2020-06-06 08:22:37.593+0000 INFO [o.n.i.d.DiagnosticsManager]   NodeStore v0.A.9
2020-06-06 08:22:37.594+0000 INFO [o.n.i.d.DiagnosticsManager]   StringPropertyStore v0.A.9
2020-06-06 08:22:37.595+0000 INFO [o.n.i.d.DiagnosticsManager]   PropertyIndexStore v0.A.9
2020-06-06 08:22:37.597+0000 INFO [o.n.i.d.DiagnosticsManager]   StringPropertyStore v0.A.9
2020-06-06 08:22:37.598+0000 INFO [o.n.i.d.DiagnosticsManager]   ArrayPropertyStore v0.A.9
2020-06-06 08:22:37.599+0000 INFO [o.n.i.d.DiagnosticsManager]   PropertyStore v0.A.9
2020-06-06 08:22:37.600+0000 INFO [o.n.i.d.DiagnosticsManager]   RelationshipStore v0.A.9
2020-06-06 08:22:37.601+0000 INFO [o.n.i.d.DiagnosticsManager]   StringPropertyStore v0.A.9
2020-06-06 08:22:37.603+0000 INFO [o.n.i.d.DiagnosticsManager]   RelationshipTypeStore v0.A.9
2020-06-06 08:22:37.604+0000 INFO [o.n.i.d.DiagnosticsManager]   StringPropertyStore v0.A.9
2020-06-06 08:22:37.605+0000 INFO [o.n.i.d.DiagnosticsManager]   LabelTokenStore v0.A.9
2020-06-06 08:22:37.606+0000 INFO [o.n.i.d.DiagnosticsManager]   SchemaStore v0.A.9
2020-06-06 08:22:37.608+0000 INFO [o.n.i.d.DiagnosticsManager]   RelationshipGroupStore v0.A.9
2020-06-06 08:22:37.609+0000 INFO [o.n.i.d.DiagnosticsManager]   NeoStore v0.A.9
2020-06-06 08:22:37.610+0000 INFO [o.n.i.d.DiagnosticsManager] --- STARTED diagnostics for NEO_STORE_VERSIONS END ---
2020-06-06 08:22:37.611+0000 INFO [o.n.i.d.DiagnosticsManager] --- STARTED diagnostics for NEO_STORE_ID_USAGE START ---
2020-06-06 08:22:37.613+0000 INFO [o.n.i.d.DiagnosticsManager] Id usage:
2020-06-06 08:22:37.616+0000 INFO [o.n.i.d.DiagnosticsManager]   ArrayPropertyStore: used=1 high=0
2020-06-06 08:22:37.617+0000 INFO [o.n.i.d.DiagnosticsManager]   NodeStore: used=0 high=-1
2020-06-06 08:22:37.618+0000 INFO [o.n.i.d.DiagnosticsManager]   StringPropertyStore: used=1 high=0
2020-06-06 08:22:37.619+0000 INFO [o.n.i.d.DiagnosticsManager]   PropertyIndexStore: used=0 high=-1
2020-06-06 08:22:37.620+0000 INFO [o.n.i.d.DiagnosticsManager]   StringPropertyStore: used=1 high=0
2020-06-06 08:22:37.622+0000 INFO [o.n.i.d.DiagnosticsManager]   ArrayPropertyStore: used=1 high=0
2020-06-06 08:22:37.623+0000 INFO [o.n.i.d.DiagnosticsManager]   PropertyStore: used=0 high=-1
2020-06-06 08:22:37.624+0000 INFO [o.n.i.d.DiagnosticsManager]   RelationshipStore: used=0 high=-1
2020-06-06 08:22:37.625+0000 INFO [o.n.i.d.DiagnosticsManager]   StringPropertyStore: used=1 high=0
2020-06-06 08:22:37.626+0000 INFO [o.n.i.d.DiagnosticsManager]   RelationshipTypeStore: used=0 high=-1
2020-06-06 08:22:37.628+0000 INFO [o.n.i.d.DiagnosticsManager]   StringPropertyStore: used=1 high=0
2020-06-06 08:22:37.629+0000 INFO [o.n.i.d.DiagnosticsManager]   LabelTokenStore: used=0 high=-1
2020-06-06 08:22:37.630+0000 INFO [o.n.i.d.DiagnosticsManager]   SchemaStore: used=1 high=0
2020-06-06 08:22:37.632+0000 INFO [o.n.i.d.DiagnosticsManager]   RelationshipGroupStore: used=1 high=0
2020-06-06 08:22:37.633+0000 INFO [o.n.i.d.DiagnosticsManager]   NeoStore: used=15 high=14
2020-06-06 08:22:37.635+0000 INFO [o.n.i.d.DiagnosticsManager] --- STARTED diagnostics for NEO_STORE_ID_USAGE END ---
2020-06-06 08:22:37.636+0000 INFO [o.n.i.d.DiagnosticsManager] --- STARTED diagnostics for NEO_STORE_RECORDS START ---
2020-06-06 08:22:37.653+0000 INFO [o.n.i.d.DiagnosticsManager] Neostore records:
2020-06-06 08:22:37.658+0000 INFO [o.n.i.d.DiagnosticsManager] TIME (Creation time): 1591377643554
2020-06-06 08:22:37.660+0000 INFO [o.n.i.d.DiagnosticsManager] RANDOM_NUMBER (Random number for store id): 7041449440520670694
2020-06-06 08:22:37.661+0000 INFO [o.n.i.d.DiagnosticsManager] LOG_VERSION (Current log version): 0
2020-06-06 08:22:37.663+0000 INFO [o.n.i.d.DiagnosticsManager] LAST_TRANSACTION_ID (Last committed transaction): 1
2020-06-06 08:22:37.664+0000 INFO [o.n.i.d.DiagnosticsManager] STORE_VERSION (Store format version): 16094931155187206
2020-06-06 08:22:37.665+0000 INFO [o.n.i.d.DiagnosticsManager] FIRST_GRAPH_PROPERTY (First property record containing graph properties): -1
2020-06-06 08:22:37.667+0000 INFO [o.n.i.d.DiagnosticsManager] LAST_CONSTRAINT_TRANSACTION (Last committed transaction containing constraint changes): 0
2020-06-06 08:22:37.668+0000 INFO [o.n.i.d.DiagnosticsManager] UPGRADE_TRANSACTION_ID (Transaction id most recent upgrade was performed at): 1
2020-06-06 08:22:37.669+0000 INFO [o.n.i.d.DiagnosticsManager] UPGRADE_TIME (Time of last upgrade): 1591377643554
2020-06-06 08:22:37.670+0000 INFO [o.n.i.d.DiagnosticsManager] LAST_TRANSACTION_CHECKSUM (Checksum of last committed transaction): 0
2020-06-06 08:22:37.671+0000 INFO [o.n.i.d.DiagnosticsManager] UPGRADE_TRANSACTION_CHECKSUM (Checksum of transaction id the most recent upgrade was performed at): 0
2020-06-06 08:22:37.673+0000 INFO [o.n.i.d.DiagnosticsManager] LAST_CLOSED_TRANSACTION_LOG_VERSION (Log version where the last transaction commit entry has been written into): 0
2020-06-06 08:22:37.674+0000 INFO [o.n.i.d.DiagnosticsManager] LAST_CLOSED_TRANSACTION_LOG_BYTE_OFFSET (Byte offset in the log file where the last transaction commit entry has been written into): 16
2020-06-06 08:22:37.675+0000 INFO [o.n.i.d.DiagnosticsManager] LAST_TRANSACTION_COMMIT_TIMESTAMP (Commit time timestamp for last committed transaction): 0
2020-06-06 08:22:37.677+0000 INFO [o.n.i.d.DiagnosticsManager] UPGRADE_TRANSACTION_COMMIT_TIMESTAMP (Commit timestamp of transaction the most recent upgrade was performed at): 0
2020-06-06 08:22:37.678+0000 INFO [o.n.i.d.DiagnosticsManager] --- STARTED diagnostics for NEO_STORE_RECORDS END ---
2020-06-06 08:22:37.681+0000 INFO [o.n.i.d.DiagnosticsManager] --- STARTED diagnostics for TRANSACTION_RANGE START ---
2020-06-06 08:22:37.682+0000 INFO [o.n.i.d.DiagnosticsManager] Transaction log:
2020-06-06 08:22:37.689+0000 INFO [o.n.i.d.DiagnosticsManager] Oldest transaction 2 found in log with version 0
2020-06-06 08:22:37.690+0000 INFO [o.n.i.d.DiagnosticsManager] --- STARTED diagnostics for TRANSACTION_RANGE END ---
2020-06-06 08:22:37.697+0000 INFO [o.n.i.d.DiagnosticsManager] --- STARTED diagnostics for KernelDiagnostics:StoreFiles START ---
2020-06-06 08:22:37.699+0000 INFO [o.n.i.d.DiagnosticsManager] Disk space on partition (Total / Free / Free %): 1000240963584 / 693298913280 / 69
2020-06-06 08:22:37.701+0000 INFO [o.n.i.d.DiagnosticsManager] Storage files: (filename : modification date - size)
2020-06-06 08:22:37.710+0000 INFO [o.n.i.d.DiagnosticsManager]   index:
2020-06-06 08:22:37.715+0000 INFO [o.n.i.d.DiagnosticsManager]   - Total: 2020-06-05T17:20:44+0000 - 0.00 B
2020-06-06 08:22:37.718+0000 INFO [o.n.i.d.DiagnosticsManager]   neostore: 2020-06-05T17:20:43+0000 - 8.00 kB
2020-06-06 08:22:37.721+0000 INFO [o.n.i.d.DiagnosticsManager]   neostore.counts.db.a: 2020-06-05T17:20:44+0000 - 96.00 B
2020-06-06 08:22:37.724+0000 INFO [o.n.i.d.DiagnosticsManager]   neostore.id: 2020-06-06T08:22:36+0000 - 9.00 B
2020-06-06 08:22:37.728+0000 INFO [o.n.i.d.DiagnosticsManager]   neostore.labelscanstore.db: 2020-06-06T08:22:37+0000 - 40.00 kB
2020-06-06 08:22:37.731+0000 INFO [o.n.i.d.DiagnosticsManager]   neostore.labeltokenstore.db: 2020-06-05T17:20:43+0000 - 0.00 B
2020-06-06 08:22:37.733+0000 INFO [o.n.i.d.DiagnosticsManager]   neostore.labeltokenstore.db.id: 2020-06-06T08:22:36+0000 - 9.00 B
2020-06-06 08:22:37.737+0000 INFO [o.n.i.d.DiagnosticsManager]   neostore.labeltokenstore.db.names: 2020-06-05T17:20:43+0000 - 8.00 kB
2020-06-06 08:22:37.740+0000 INFO [o.n.i.d.DiagnosticsManager]   neostore.labeltokenstore.db.names.id: 2020-06-06T08:22:36+0000 - 9.00 B
2020-06-06 08:22:37.743+0000 INFO [o.n.i.d.DiagnosticsManager]   neostore.nodestore.db: 2020-06-05T17:20:43+0000 - 0.00 B
2020-06-06 08:22:37.746+0000 INFO [o.n.i.d.DiagnosticsManager]   neostore.nodestore.db.id: 2020-06-06T08:22:36+0000 - 9.00 B
2020-06-06 08:22:37.750+0000 INFO [o.n.i.d.DiagnosticsManager]   neostore.nodestore.db.labels: 2020-06-05T17:20:43+0000 - 8.00 kB
2020-06-06 08:22:37.752+0000 INFO [o.n.i.d.DiagnosticsManager]   neostore.nodestore.db.labels.id: 2020-06-06T08:22:36+0000 - 9.00 B
2020-06-06 08:22:37.755+0000 INFO [o.n.i.d.DiagnosticsManager]   neostore.propertystore.db: 2020-06-05T17:20:43+0000 - 0.00 B
2020-06-06 08:22:37.758+0000 INFO [o.n.i.d.DiagnosticsManager]   neostore.propertystore.db.arrays: 2020-06-05T17:20:43+0000 - 8.00 kB
2020-06-06 08:22:37.761+0000 INFO [o.n.i.d.DiagnosticsManager]   neostore.propertystore.db.arrays.id: 2020-06-06T08:22:36+0000 - 9.00 B
2020-06-06 08:22:37.764+0000 INFO [o.n.i.d.DiagnosticsManager]   neostore.propertystore.db.id: 2020-06-06T08:22:36+0000 - 9.00 B
2020-06-06 08:22:37.767+0000 INFO [o.n.i.d.DiagnosticsManager]   neostore.propertystore.db.index: 2020-06-05T17:20:43+0000 - 0.00 B
2020-06-06 08:22:37.770+0000 INFO [o.n.i.d.DiagnosticsManager]   neostore.propertystore.db.index.id: 2020-06-06T08:22:36+0000 - 9.00 B
2020-06-06 08:22:37.773+0000 INFO [o.n.i.d.DiagnosticsManager]   neostore.propertystore.db.index.keys: 2020-06-05T17:20:43+0000 - 8.00 kB
2020-06-06 08:22:37.776+0000 INFO [o.n.i.d.DiagnosticsManager]   neostore.propertystore.db.index.keys.id: 2020-06-06T08:22:36+0000 - 9.00 B
2020-06-06 08:22:37.778+0000 INFO [o.n.i.d.DiagnosticsManager]   neostore.propertystore.db.strings: 2020-06-05T17:20:43+0000 - 8.00 kB
2020-06-06 08:22:37.781+0000 INFO [o.n.i.d.DiagnosticsManager]   neostore.propertystore.db.strings.id: 2020-06-06T08:22:36+0000 - 9.00 B
2020-06-06 08:22:37.785+0000 INFO [o.n.i.d.DiagnosticsManager]   neostore.relationshipgroupstore.db: 2020-06-05T17:20:43+0000 - 8.00 kB
2020-06-06 08:22:37.788+0000 INFO [o.n.i.d.DiagnosticsManager]   neostore.relationshipgroupstore.db.id: 2020-06-06T08:22:36+0000 - 9.00 B
2020-06-06 08:22:37.791+0000 INFO [o.n.i.d.DiagnosticsManager]   neostore.relationshipstore.db: 2020-06-05T17:20:43+0000 - 0.00 B
2020-06-06 08:22:37.794+0000 INFO [o.n.i.d.DiagnosticsManager]   neostore.relationshipstore.db.id: 2020-06-06T08:22:36+0000 - 9.00 B
2020-06-06 08:22:37.797+0000 INFO [o.n.i.d.DiagnosticsManager]   neostore.relationshiptypestore.db: 2020-06-05T17:20:43+0000 - 0.00 B
2020-06-06 08:22:37.800+0000 INFO [o.n.i.d.DiagnosticsManager]   neostore.relationshiptypestore.db.id: 2020-06-06T08:22:36+0000 - 9.00 B
2020-06-06 08:22:37.802+0000 INFO [o.n.i.d.DiagnosticsManager]   neostore.relationshiptypestore.db.names: 2020-06-05T17:20:43+0000 - 8.00 kB
2020-06-06 08:22:37.806+0000 INFO [o.n.i.d.DiagnosticsManager]   neostore.relationshiptypestore.db.names.id: 2020-06-06T08:22:36+0000 - 9.00 B
2020-06-06 08:22:37.809+0000 INFO [o.n.i.d.DiagnosticsManager]   neostore.schemastore.db: 2020-06-05T17:20:43+0000 - 8.00 kB
2020-06-06 08:22:37.817+0000 INFO [o.n.i.d.DiagnosticsManager]   neostore.schemastore.db.id: 2020-06-06T08:22:36+0000 - 9.00 B
2020-06-06 08:22:37.819+0000 INFO [o.n.i.d.DiagnosticsManager]   neostore.transaction.db.0: 2020-06-06T08:21:18+0000 - 88.00 B
2020-06-06 08:22:37.821+0000 INFO [o.n.i.d.DiagnosticsManager] Storage summary: 
2020-06-06 08:22:37.822+0000 INFO [o.n.i.d.DiagnosticsManager]   Total size of store: 112.31 kB
2020-06-06 08:22:37.823+0000 INFO [o.n.i.d.DiagnosticsManager]   Total size of mapped files: 112.00 kB
2020-06-06 08:22:37.824+0000 INFO [o.n.i.d.DiagnosticsManager] --- STARTED diagnostics for KernelDiagnostics:StoreFiles END ---
2020-06-06 08:22:37.825+0000 INFO [o.n.k.a.DatabaseAvailabilityGuard] Fulfilling of requirement 'Database available' makes database graph.db available.
2020-06-06 08:22:37.827+0000 INFO [o.n.k.a.DatabaseAvailabilityGuard] Database graph.db is ready.
2020-06-06 08:22:37.828+0000 INFO [o.n.k.i.DatabaseHealth] Database health set to OK
2020-06-06 08:22:38.705+0000 INFO [o.n.b.BoltServer] Bolt server loaded
2020-06-06 08:22:38.984+0000 INFO [o.n.b.BoltServer] Bolt enabled on 0.0.0.0:7687.
2020-06-06 08:22:42.100+0000 INFO [o.n.i.d.DiagnosticsManager] --- SERVER STARTED START ---
2020-06-06 08:22:43.811+0000 INFO [o.n.i.d.DiagnosticsManager] --- SERVER STARTED END ---
2020-06-06 08:23:24.808+0000 WARN [o.n.b.r.DefaultBoltConnection] The client is unauthorized due to authentication failure.
2020-06-06 08:23:53.812+0000 WARN [o.n.b.r.DefaultBoltConnection] The client is unauthorized due to authentication failure.
2020-06-06 08:28:28.634+0000 INFO [o.n.k.a.DatabaseAvailabilityGuard] Database graph.db is unavailable.
2020-06-06 08:28:28.674+0000 INFO [o.n.g.f.GraphDatabaseFacadeFactory] Shutdown started
2020-06-06 08:28:28.696+0000 INFO [o.n.g.f.GraphDatabaseFacadeFactory] Shutting down 'graph.db' database.
2020-06-06 08:28:28.697+0000 INFO [o.n.g.f.GraphDatabaseFacadeFactory] Shutdown started
2020-06-06 08:28:28.701+0000 INFO [o.n.k.i.t.l.c.CheckPointerImpl] Checkpoint triggered by "Database shutdown" @ txId: 13 checkpoint started...
2020-06-06 08:28:28.735+0000 INFO [o.n.k.i.s.c.CountsTracker] Rotated counts store at transaction 13 to [/data/databases/graph.db/neostore.counts.db.b], from [/data/databases/graph.db/neostore.counts.db.a].
2020-06-06 08:28:28.744+0000 INFO [o.n.k.i.t.l.c.CheckPointerImpl] Checkpoint triggered by "Database shutdown" @ txId: 13 checkpoint completed in 41ms
2020-06-06 08:28:28.746+0000 INFO [o.n.k.i.t.l.p.LogPruningImpl] No log version pruned, last checkpoint was made in version 0
2020-06-06 08:28:28.799+0000 INFO [o.n.i.d.DiagnosticsManager] --- STOPPING diagnostics START ---
2020-06-06 08:28:28.800+0000 INFO [o.n.i.d.DiagnosticsManager] --- STOPPING diagnostics END ---
